
<!DOCTYPE html>
<html>


<head>
	<meta charset='UTF-8' /> 
	<meta name='description' content='' />
	<meta name='robots' content='noodp, noydir' />
	<meta name='viewport' content='width=device-width, initial-scale=1' />
	<meta id="timeStampFormat" name="timeStampFormat" content='MMM d, yyyy hh:mm:ss a'/>
	
	<link href='https://fonts.googleapis.com/css?family=Source+Sans+Pro:400,600' rel='stylesheet' type='text/css'>
	<link href="https://fonts.googleapis.com/icon?family=Material+Icons" rel="stylesheet">

		<link href='https://cdn.rawgit.com/anshooarora/extentreports-java/6d3843c29c354373fafad29c03a1a89b7e06c374/dist/css/extent.css' type='text/css' rel='stylesheet' />
	
	<title>Cucumber Extent Reports - v1.0.0</title>

</head>

	<body class='extent standard default hide-overflow bdd-report'>
		<div id='theme-selector' alt='Click to toggle theme. To enable by default, use theme configuration.' title='Click to toggle theme. To enable by default, use theme configuration.'>
			<span><i class='material-icons'>desktop_windows</i></span>
		</div>

<nav>
	<div class="nav-wrapper">
		<a href="#!" class="brand-logo blue darken-3">Extent</a>

		<!-- slideout menu -->
		<ul id='slide-out' class='side-nav fixed hide-on-med-and-down'>
			<li class='waves-effect active'><a href='#!' view='test-view' onclick="configureView(0);chartsView('test');"><i class='material-icons'>dashboard</i></a></li>
						<li class='waves-effect'><a href='#!' view='category-view' onclick="configureView(1)"><i class='material-icons'>label_outline</i></a></li>
			<li class='waves-effect'><a href='#!' view='exception-view' onclick="configureView(2)"><i class='material-icons'>bug_report</i></a></li>
			<li class='waves-effect'><a href='#!' onclick="configureView(-1);chartsView('dashboard');" view='dashboard-view'><i class='material-icons'>track_changes</i></i></a></li>
			<li class='waves-effect'><a href='#!' onclick="configureView(-1)" view='testrunner-logs-view'><i class='material-icons'>note</i></a></li>
		</ul>

		<!-- report name -->
		<span class='report-name'>Cucumber Extent Reports</span>
		
		<!-- report headline -->
		<span class='report-headline'></span>

		<!-- nav-right -->
		<ul id='nav-mobile' class='right hide-on-med-and-down nav-right'>
			<li>
                <a href='#!'>
                    <span class='label suite-start-time blue darken-3'>Jul 28, 2017 02:47:51 PM</span>
				</a>
			</li>
			<li>
                <a href='#!'>
                    <span class='label blue darken-3'>v3.0.6</span>
				</a>
			</li>
		</ul>
	</div>
</nav>

		<!-- container -->
		<div class='container'>

<div id='test-view' class='view'>
				
	<section id='controls'>
		<div class='controls grey lighten-4'>
			<!-- test toggle -->
			<div class='chip transparent'>
				<a class='dropdown-button tests-toggle' data-activates='tests-toggle' data-constrainwidth='true' data-beloworigin='true' data-hover='true' href='#'>
					<i class='material-icons'>warning</i> Status
				</a>
				<ul id='tests-toggle' class='dropdown-content'>
											<li status='pass'><a href='#!'>Pass <i class='material-icons green-text'>check_circle</i></a></li>
						<li status='fail'><a href='#!'>Fail <i class='material-icons red-text'>cancel</i></a></li>
						<li status='skip'><a href='#!'>Skip <i class='material-icons cyan-text'>redo</i></a></li>
					<li class='divider'></li>
					<li status='clear' clear='true'><a href='#!'>Clear Filters <i class='material-icons'>clear</i></a></li>
				</ul>
			</div>
			<!-- test toggle -->

			<!-- category toggle -->
			<div class='chip transparent'>
				<a class='dropdown-button category-toggle' data-activates='category-toggle' data-constrainwidth='false' data-beloworigin='true' data-hover='true' href='#'>
					<i class='material-icons'>local_offer</i> Category
				</a>
				<ul id='category-toggle' class='dropdown-content'>
					<li><a href='#'>@TimeSheetApproval</a></li>
					<li><a href='#'>@AssignProjectAfterSave</a></li>
					<li><a href='#'>@FeatureAssignment</a></li>
					<li><a href='#'>@ProjectAssignment</a></li>
					<li><a href='#'>@CRUDDepartments</a></li>
					<li><a href='#'>@Edit_timesheets_on_behalf_of_other_employee</a></li>
					<li><a href='#'>@ClientManagement</a></li>
					<li><a href='#'>@FeatureLockedPeriodsManagement</a></li>
					<li><a href='#'>@ScenarioLockedPeriodsManagement</a></li>
					<li><a href='#'>@ProjectManagement</a></li>
					<li><a href='#'>@UserManagementFeature</a></li>
					<li><a href='#'>@CreateUsers</a></li>
					<li><a href='#'>@CreateDeleteUser</a></li>
					<li><a href='#'>@EditUser</a></li>
					<li><a href='#'>@FeatureSingleSignOn</a></li>
					<li><a href='#'>@ScenarioSingleSignOn</a></li>
					<li><a href='#'>@ScenarioInactiveUserSingleSignOn</a></li>
					<li><a href='#'>@FillTimesheet</a></li>
					<li class='divider'></li>
					<li class='clear'><a href='#!' clear='true'>Clear Filters</a></li>
				</ul>
			</div>
			<!-- category toggle -->

			<!-- clear filters -->
			<div class='chip transparent hide'>
				<a class='' id='clear-filters' alt='Clear Filters' title='Clear Filters'>
					<i class='material-icons'>close</i> Clear
				</a>
			</div>
			<!-- clear filters -->

			<!-- enable dashboard -->
			<div id='toggle-test-view-charts' class='chip transparent'>
				<a class='pink-text' id='enable-dashboard' alt='Enable Dashboard' title='Enable Dashboard'>
					<i class='material-icons'>track_changes</i> Dashboard
				</a>
			</div>
			<!-- enable dashboard -->

			<!-- search -->
			<div class='chip transparent' alt='Search Tests' title='Search Tests'>
				<a href="#" class='search-div'>
					<i class='material-icons'>search</i> Search
				</a>

				<div class='input-field left hide'>
					<input id='search-tests' type='text' class='validate browser-default' placeholder='Search Tests...'>
				</div>
				
			</div>
			<!-- search -->
		</div>
	</section>


<div id='test-view-charts' class='subview-full'>
	<div id='charts-row' class='row nm-v nm-h'>
		<div class='col s12 m4 l4 np-h'>
			<div class='card-panel nm-v'>
				<div class='left panel-name'>Features</div>
				<div class='chart-box'>
					<canvas id='parent-analysis' width='100' height='80'></canvas>
				</div>
				<div class='block text-small'>
					<span class='tooltipped' data-position='top' data-tooltip='16.667%'><span class='strong'>2</span> feature(s) passed</span>
				</div>
				<div class='block text-small'>
					<span class='strong tooltipped' data-position='top' data-tooltip='83.333%'>10</span> feature(s) failed, <span class='strong tooltipped' data-position='top' data-tooltip='0%'>0</span> others
				</div>
			</div>
		</div>
		
		<div class='col s12 m4 l4 np-h'>
			<div class='card-panel nm-v'>
				<div class='left panel-name'>Scenarios</div>
				<div class='chart-box'>
					<canvas id='child-analysis' width='100' height='80'></canvas>
				</div>
				<div class='block text-small'>
					<span class='tooltipped' data-position='top' data-tooltip='13.333%'><span class='strong'>2</span> scenario(s) passed</span>
				</div>
				<div class='block text-small'>
					<span class='strong tooltipped' data-position='top' data-tooltip='86.667%'>13</span> scenario(s) failed, <span class='strong tooltipped' data-position='top' data-tooltip='0%'>0</span> others
				</div>
			</div>
		</div>
		
		<div class='col s12 m4 l4 np-h'>
			<div class='card-panel nm-v'>
				<div class='left panel-name'>Steps</div>
				<div class='chart-box'>
					<canvas id='grandchild-analysis' width='100' height='80'></canvas>
				</div>
				<div class='block text-small'>
					<span class='tooltipped' data-position='top' data-tooltip='24.242%'><span class='strong'>80</span> step(s) passed</span>
				</div>
				<div class='block text-small'>
					<span class='strong tooltipped' data-position='top' data-tooltip='3.939%'>13</span> step(s) failed, <span class='strong tooltipped' data-position='top' data-tooltip='71.818%'>237</span> others
				</div>
			</div>
		</div>
	</div>
</div>

	<div class='subview-left left'>
		
		<div class='view-summary'>
			<h5>Features</h5>
			<ul id='test-collection' class='test-collection'>
				
				
				<li class='test displayed active has-leaf fail' status='fail' bdd='true' test-id='1'>
					<div class='test-heading'>
						<span class='test-name'>Time Sheet Approval</span>
						<span class='test-time'>Jul 28, 2017 02:47:51 PM</span>
						<span class='test-status right fail'>fail</span>
					</div>
					<div class='test-content hide'>
<div class='scenariooutline node' test-id='2' status='fail'>
	<span class='duration right label'>0h 1m 15s+682ms</span>
	<div class='desc'>
		<b>ScenarioOutline</b>
		<span class="desc-text">Time Sheet Approver</span>
	</div>
	<ul class='steps'>
		<li test-id='3' class='node scenario fail' status='fail'>
			<div class='category-list'>
				<span class='category label white-text'>@TimeSheetApproval</span>
			</div>
			
			<b>Scenario</b>
			
			<span class="bdd-step-name">Time Sheet Approver</span>
			
				<ul class='steps'>
					<li test-id='4' class='node given fail' status='fail'><b>Given</b>
						<span class="bdd-step-name">Given Open "remote-chrome" and start application</span>
							<div class='pre'><textarea>java.lang.NullPointerException
	at PageObjects.Base.<init>(Base.java:163)
	at PageObjects.Page_Login.<init>(Page_Login.java:18)
	at stepDefinition.Steps_Login.OpenWebPageInBrowser(Steps_Login.java:21)
	at ✽.Given Open "remote-chrome" and start application(Feature.TimeSheetApproval.feature:5)
</textarea></div>
					</li>
					<li test-id='5' class='node when skip' status='skip'><b>When</b>
						<span class="bdd-step-name">When I enter valid "admin" and "admin"</span>
							<div class='pre'>skipped</div>
					</li>
					<li test-id='6' class='node then skip' status='skip'><b>Then</b>
						<span class="bdd-step-name">Then I should be able see "Admin, eHour" on Welcome Page</span>
							<div class='pre'>skipped</div>
					</li>
					<li test-id='7' class='node when skip' status='skip'><b>When</b>
						<span class="bdd-step-name">When I select menu item "Users"</span>
							<div class='pre'>skipped</div>
					</li>
					<li test-id='8' class='node then skip' status='skip'><b>Then</b>
						<span class="bdd-step-name">Then Page Header must display "User management"</span>
							<div class='pre'>skipped</div>
					</li>
					<li test-id='9' class='node when skip' status='skip'><b>When</b>
						<span class="bdd-step-name">When I add a new user with the following details if non exist</span>
							<div class='pre'><table><tr><td>Username</td><td>FirstName</td><td>LastName</td><td>Email</td><td>Password</td><td>ConfirmPassword</td><td>Functional Group</td><td>UserRoles</td><td>Active</td><td>AssignToProjectAfterSave</td><td>Country</td><td>Location</td><td>EmployeeType</td><td>TimeSheetApprover</td></tr><tr><td>qwerty1</td><td>qwerty1</td><td>qwerty1</td><td>qwerty1@nisum.com</td><td>qwerty1</td><td>qwerty1</td><td>Offshore</td><td>User</td><td>true</td><td>false</td><td>India</td><td>Hyderabad</td><td>Adroit</td><td>Lim, Karin</td></tr></table></div>
							<div class='pre'>skipped</div>
					</li>
					<li test-id='10' class='node when skip' status='skip'><b>When</b>
						<span class="bdd-step-name">When I select menu item "Users"</span>
							<div class='pre'>skipped</div>
					</li>
					<li test-id='11' class='node then skip' status='skip'><b>Then</b>
						<span class="bdd-step-name">Then Page Header must display "User management"</span>
							<div class='pre'>skipped</div>
					</li>
					<li test-id='12' class='node when skip' status='skip'><b>When</b>
						<span class="bdd-step-name">When I add a new user with the following details if non exist</span>
							<div class='pre'><table><tr><td>Username</td><td>FirstName</td><td>LastName</td><td>Email</td><td>Password</td><td>ConfirmPassword</td><td>Functional Group</td><td>UserRoles</td><td>Active</td><td>AssignToProjectAfterSave</td><td>Country</td><td>Location</td><td>EmployeeType</td><td>TimeSheetApprover</td></tr><tr><td>qwerty2</td><td>qwerty2</td><td>qwerty2</td><td>qwerty2@nisum.com</td><td>qwerty2</td><td>qwerty2</td><td>Offshore</td><td>User</td><td>true</td><td>true</td><td>India</td><td>Hyderabad</td><td>Adroit</td><td>qwerty1, qwerty1</td></tr></table></div>
							<div class='pre'>skipped</div>
					</li>
					<li test-id='13' class='node when skip' status='skip'><b>When</b>
						<span class="bdd-step-name">When I select menu item "Assignments"</span>
							<div class='pre'>skipped</div>
					</li>
					<li test-id='14' class='node when skip' status='skip'><b>When</b>
						<span class="bdd-step-name">When I assign projects to users as follows</span>
							<div class='pre'><table><tr><td>FirstName</td><td>LastName</td><td>Account</td><td>Project</td><td>AssignmentType</td><td>StartDate</td><td>EndDate</td><td>Role</td><td>HourlyRate</td><td>Active</td></tr><tr><td>qwerty2</td><td>qwerty2</td><td>NB - Nisum Billable</td><td>ATS-Product - ATS-Product</td><td>Date range</td><td>true</td><td>true</td><td>QA</td><td>0.00</td><td>true</td></tr></table></div>
							<div class='pre'>skipped</div>
					</li>
					<li test-id='15' class='node then skip' status='skip'><b>Then</b>
						<span class="bdd-step-name">Then I click save button on user page</span>
							<div class='pre'>skipped</div>
					</li>
					<li test-id='16' class='node when skip' status='skip'><b>When</b>
						<span class="bdd-step-name">When I logout from eHour</span>
							<div class='pre'>skipped</div>
					</li>
					<li test-id='17' class='node then skip' status='skip'><b>Then</b>
						<span class="bdd-step-name">Then I am successfully logged out</span>
							<div class='pre'>skipped</div>
					</li>
					<li test-id='18' class='node given skip' status='skip'><b>Given</b>
						<span class="bdd-step-name">Given Open "remote-chrome" and start application</span>
							<div class='pre'>skipped</div>
					</li>
					<li test-id='19' class='node when skip' status='skip'><b>When</b>
						<span class="bdd-step-name">When I enter valid "qwerty2" and "qwerty2"</span>
							<div class='pre'>skipped</div>
					</li>
					<li test-id='20' class='node then skip' status='skip'><b>Then</b>
						<span class="bdd-step-name">Then I should be able see "qwerty2, qwerty2" on Welcome Page</span>
							<div class='pre'>skipped</div>
					</li>
					<li test-id='21' class='node and skip' status='skip'><b>And</b>
						<span class="bdd-step-name">And I am navigated to Timesheet page</span>
							<div class='pre'>skipped</div>
					</li>
					<li test-id='22' class='node and skip' status='skip'><b>And</b>
						<span class="bdd-step-name">And I see the following accounts-projects in the timesheet</span>
							<div class='pre'><table><tr><td>AccountName</td><td>ProjectName</td></tr><tr><td>Nisum Billable</td><td>ATS-Product</td></tr></table></div>
							<div class='pre'>skipped</div>
					</li>
					<li test-id='23' class='node when skip' status='skip'><b>When</b>
						<span class="bdd-step-name">When I enter Timesheet Data under Account "Nisum Billable" as follows</span>
							<div class='pre'><table><tr><td>Project</td><td>Sun</td><td>Mon</td><td>Tue</td><td>Wed</td><td>Thu</td><td>Fri</td><td>Sat</td></tr><tr><td>ATS-Product</td><td>8</td><td>8</td><td>8</td><td>8</td><td>8</td><td>8</td><td>8</td></tr></table></div>
							<div class='pre'>skipped</div>
					</li>
					<li test-id='24' class='node and skip' status='skip'><b>And</b>
						<span class="bdd-step-name">And I enter the comment "I am working on QA Automation"</span>
							<div class='pre'>skipped</div>
					</li>
					<li test-id='25' class='node when skip' status='skip'><b>When</b>
						<span class="bdd-step-name">When I store the Timesheet Data</span>
							<div class='pre'>skipped</div>
					</li>
					<li test-id='26' class='node when skip' status='skip'><b>When</b>
						<span class="bdd-step-name">When I logout from eHour</span>
							<div class='pre'>skipped</div>
					</li>
					<li test-id='27' class='node then skip' status='skip'><b>Then</b>
						<span class="bdd-step-name">Then I am successfully logged out</span>
							<div class='pre'>skipped</div>
					</li>
					<li test-id='28' class='node given skip' status='skip'><b>Given</b>
						<span class="bdd-step-name">Given Open "remote-chrome" and start application</span>
							<div class='pre'>skipped</div>
					</li>
					<li test-id='29' class='node when skip' status='skip'><b>When</b>
						<span class="bdd-step-name">When I enter valid "qwerty1" and "qwerty1"</span>
							<div class='pre'>skipped</div>
					</li>
					<li test-id='30' class='node then skip' status='skip'><b>Then</b>
						<span class="bdd-step-name">Then I should be able see "qwerty1, qwerty1" on Welcome Page</span>
							<div class='pre'>skipped</div>
					</li>
					<li test-id='31' class='node when skip' status='skip'><b>When</b>
						<span class="bdd-step-name">When I click on Approve Timesheet</span>
							<div class='pre'>skipped</div>
					</li>
					<li test-id='32' class='node then skip' status='skip'><b>Then</b>
						<span class="bdd-step-name">Then I should see user name "qwerty2, qwerty2" as follows</span>
							<div class='pre'>skipped</div>
					</li>
					<li test-id='33' class='node then skip' status='skip'><b>Then</b>
						<span class="bdd-step-name">Then I should see the status as "POSTED"</span>
							<div class='pre'>skipped</div>
					</li>
					<li test-id='34' class='node when skip' status='skip'><b>When</b>
						<span class="bdd-step-name">When I click on reject Anchor</span>
							<div class='pre'>skipped</div>
					</li>
					<li test-id='35' class='node when skip' status='skip'><b>When</b>
						<span class="bdd-step-name">When I logout from eHour</span>
							<div class='pre'>skipped</div>
					</li>
					<li test-id='36' class='node then skip' status='skip'><b>Then</b>
						<span class="bdd-step-name">Then I am successfully logged out</span>
							<div class='pre'>skipped</div>
					</li>
					<li test-id='37' class='node given skip' status='skip'><b>Given</b>
						<span class="bdd-step-name">Given Open "remote-chrome" and start application</span>
							<div class='pre'>skipped</div>
					</li>
					<li test-id='38' class='node when skip' status='skip'><b>When</b>
						<span class="bdd-step-name">When I enter valid "qwerty2" and "qwerty2"</span>
							<div class='pre'>skipped</div>
					</li>
					<li test-id='39' class='node then skip' status='skip'><b>Then</b>
						<span class="bdd-step-name">Then I should be able see "qwerty2, qwerty2" on Welcome Page</span>
							<div class='pre'>skipped</div>
					</li>
					<li test-id='40' class='node then skip' status='skip'><b>Then</b>
						<span class="bdd-step-name">Then I should see the status as "REJECTED"</span>
							<div class='pre'>skipped</div>
					</li>
					<li test-id='41' class='node when skip' status='skip'><b>When</b>
						<span class="bdd-step-name">When I logout from eHour</span>
							<div class='pre'>skipped</div>
					</li>
					<li test-id='42' class='node then skip' status='skip'><b>Then</b>
						<span class="bdd-step-name">Then I am successfully logged out</span>
							<div class='pre'>skipped</div>
					</li>
					<li test-id='43' class='node given skip' status='skip'><b>Given</b>
						<span class="bdd-step-name">Given Open "remote-chrome" and start application</span>
							<div class='pre'>skipped</div>
					</li>
					<li test-id='44' class='node when skip' status='skip'><b>When</b>
						<span class="bdd-step-name">When I enter valid "qwerty1" and "qwerty1"</span>
							<div class='pre'>skipped</div>
					</li>
					<li test-id='45' class='node then skip' status='skip'><b>Then</b>
						<span class="bdd-step-name">Then I should be able see "qwerty1, qwerty1" on Welcome Page</span>
							<div class='pre'>skipped</div>
					</li>
					<li test-id='46' class='node when skip' status='skip'><b>When</b>
						<span class="bdd-step-name">When I click on Approve Timesheet</span>
							<div class='pre'>skipped</div>
					</li>
					<li test-id='47' class='node then skip' status='skip'><b>Then</b>
						<span class="bdd-step-name">Then I should see status on approvertimesheet as "REJECTED"</span>
							<div class='pre'>skipped</div>
					</li>
					<li test-id='48' class='node when skip' status='skip'><b>When</b>
						<span class="bdd-step-name">When I click on approve Anchor</span>
							<div class='pre'>skipped</div>
					</li>
					<li test-id='49' class='node when skip' status='skip'><b>When</b>
						<span class="bdd-step-name">When I logout from eHour</span>
							<div class='pre'>skipped</div>
					</li>
					<li test-id='50' class='node then skip' status='skip'><b>Then</b>
						<span class="bdd-step-name">Then I am successfully logged out</span>
							<div class='pre'>skipped</div>
					</li>
					<li test-id='51' class='node given skip' status='skip'><b>Given</b>
						<span class="bdd-step-name">Given Open "remote-chrome" and start application</span>
							<div class='pre'>skipped</div>
					</li>
					<li test-id='52' class='node when skip' status='skip'><b>When</b>
						<span class="bdd-step-name">When I enter valid "qwerty1" and "qwerty1"</span>
							<div class='pre'>skipped</div>
					</li>
					<li test-id='53' class='node then skip' status='skip'><b>Then</b>
						<span class="bdd-step-name">Then I should be able see "qwerty1, qwerty1" on Welcome Page</span>
							<div class='pre'>skipped</div>
					</li>
					<li test-id='54' class='node when skip' status='skip'><b>When</b>
						<span class="bdd-step-name">When I click on Approve Timesheet</span>
							<div class='pre'>skipped</div>
					</li>
					<li test-id='55' class='node then skip' status='skip'><b>Then</b>
						<span class="bdd-step-name">Then I should see status on approvertimesheet as "APPROVED"</span>
							<div class='pre'>skipped</div>
					</li>
					<li test-id='56' class='node when skip' status='skip'><b>When</b>
						<span class="bdd-step-name">When I logout from eHour</span>
							<div class='pre'>skipped</div>
					</li>
					<li test-id='57' class='node then skip' status='skip'><b>Then</b>
						<span class="bdd-step-name">Then I am successfully logged out</span>
							<div class='pre'>skipped</div>
					</li>
					<li test-id='58' class='node given skip' status='skip'><b>Given</b>
						<span class="bdd-step-name">Given Open "remote-chrome" and start application</span>
							<div class='pre'>skipped</div>
					</li>
					<li test-id='59' class='node when skip' status='skip'><b>When</b>
						<span class="bdd-step-name">When I enter valid "qwerty2" and "qwerty2"</span>
							<div class='pre'>skipped</div>
					</li>
					<li test-id='60' class='node then skip' status='skip'><b>Then</b>
						<span class="bdd-step-name">Then I should be able see "qwerty2, qwerty2" on Welcome Page</span>
							<div class='pre'>skipped</div>
					</li>
					<li test-id='61' class='node then skip' status='skip'><b>Then</b>
						<span class="bdd-step-name">Then I should see the status as "APPROVED"</span>
							<div class='pre'>skipped</div>
					</li>
					<li test-id='62' class='node when skip' status='skip'><b>When</b>
						<span class="bdd-step-name">When I logout from eHour</span>
							<div class='pre'>skipped</div>
					</li>
					<li test-id='63' class='node then skip' status='skip'><b>Then</b>
						<span class="bdd-step-name">Then I am successfully logged out</span>
							<div class='pre'>skipped</div>
					</li>
					<li test-id='64' class='node given skip' status='skip'><b>Given</b>
						<span class="bdd-step-name">Given Open "remote-chrome" and start application</span>
							<div class='pre'>skipped</div>
					</li>
					<li test-id='65' class='node when skip' status='skip'><b>When</b>
						<span class="bdd-step-name">When I enter valid "qwerty2" and "qwerty2"</span>
							<div class='pre'>skipped</div>
					</li>
					<li test-id='66' class='node then skip' status='skip'><b>Then</b>
						<span class="bdd-step-name">Then I should be able see "qwerty2, qwerty2" on Welcome Page</span>
							<div class='pre'>skipped</div>
					</li>
					<li test-id='67' class='node and skip' status='skip'><b>And</b>
						<span class="bdd-step-name">And I am navigated to Timesheet page</span>
							<div class='pre'>skipped</div>
					</li>
					<li test-id='68' class='node then skip' status='skip'><b>Then</b>
						<span class="bdd-step-name">Then the Timesheet Data under Account "Nisum Billable" is stored as follows</span>
							<div class='pre'><table><tr><td>Project</td><td>Sun</td><td>Mon</td><td>Tue</td><td>Wed</td><td>Thu</td><td>Fri</td><td>Sat</td></tr><tr><td>ATS-Product</td><td>8</td><td>8</td><td>8</td><td>8</td><td>8</td><td>8</td><td>8</td></tr></table></div>
							<div class='pre'>skipped</div>
					</li>
					<li test-id='69' class='node and skip' status='skip'><b>And</b>
						<span class="bdd-step-name">And the retrieved comment is "I am working on QA Automation"</span>
							<div class='pre'>skipped</div>
					</li>
					<li test-id='70' class='node then skip' status='skip'><b>Then</b>
						<span class="bdd-step-name">Then I remove the filled timesheet again to delete the user and click on save</span>
							<div class='pre'><table><tr><td>ATS-Product</td><td></td><td></td><td></td><td></td><td></td><td></td><td></td></tr></table></div>
							<div class='pre'>skipped</div>
					</li>
					<li test-id='71' class='node when skip' status='skip'><b>When</b>
						<span class="bdd-step-name">When I logout from eHour</span>
							<div class='pre'>skipped</div>
					</li>
					<li test-id='72' class='node then skip' status='skip'><b>Then</b>
						<span class="bdd-step-name">Then I am successfully logged out</span>
							<div class='pre'>skipped</div>
					</li>
					<li test-id='73' class='node given skip' status='skip'><b>Given</b>
						<span class="bdd-step-name">Given Open "remote-chrome" and start application</span>
							<div class='pre'>skipped</div>
					</li>
					<li test-id='74' class='node when skip' status='skip'><b>When</b>
						<span class="bdd-step-name">When I enter valid "admin" and "admin"</span>
							<div class='pre'>skipped</div>
					</li>
					<li test-id='75' class='node when skip' status='skip'><b>When</b>
						<span class="bdd-step-name">When I select menu item "Users"</span>
							<div class='pre'>skipped</div>
					</li>
					<li test-id='76' class='node then skip' status='skip'><b>Then</b>
						<span class="bdd-step-name">Then Page Header must display "User management"</span>
							<div class='pre'>skipped</div>
					</li>
					<li test-id='77' class='node when skip' status='skip'><b>When</b>
						<span class="bdd-step-name">When I Select the user with username - "qwerty2"</span>
							<div class='pre'>skipped</div>
					</li>
					<li test-id='78' class='node when skip' status='skip'><b>When</b>
						<span class="bdd-step-name">When I press the delete button</span>
							<div class='pre'>skipped</div>
					</li>
					<li test-id='79' class='node then skip' status='skip'><b>Then</b>
						<span class="bdd-step-name">Then I cannot search the user with the username - "qwerty2"</span>
							<div class='pre'>skipped</div>
					</li>
					<li test-id='80' class='node when skip' status='skip'><b>When</b>
						<span class="bdd-step-name">When I select menu item "Users"</span>
							<div class='pre'>skipped</div>
					</li>
					<li test-id='81' class='node when skip' status='skip'><b>When</b>
						<span class="bdd-step-name">When I Select the user with username - "qwerty1"</span>
							<div class='pre'>skipped</div>
					</li>
					<li test-id='82' class='node when skip' status='skip'><b>When</b>
						<span class="bdd-step-name">When I press the delete button</span>
							<div class='pre'>skipped</div>
					</li>
					<li test-id='83' class='node then skip' status='skip'><b>Then</b>
						<span class="bdd-step-name">Then I cannot search the user with the username - "qwerty1"</span>
							<div class='pre'>skipped</div>
					</li>
					<li test-id='84' class='node when skip' status='skip'><b>When</b>
						<span class="bdd-step-name">When I logout from eHour</span>
							<div class='pre'>skipped</div>
					</li>
					<li test-id='85' class='node then skip' status='skip'><b>Then</b>
						<span class="bdd-step-name">Then I am successfully logged out</span>
							<div class='pre'>skipped</div>
					</li>
				</ul>
		</li>
	</ul>
</div>
					</div>
				</li>
				
				
				<li class='test displayed active has-leaf fail' status='fail' bdd='true' test-id='86'>
					<div class='test-heading'>
						<span class='test-name'>Assign To Project After Save</span>
						<span class='test-time'>Jul 28, 2017 02:49:07 PM</span>
						<span class='test-status right fail'>fail</span>
					</div>
					<div class='test-content hide'>
<div class='scenariooutline node' test-id='87' status='fail'>
	<span class='duration right label'>0h 12m 44s+882ms</span>
	<div class='desc'>
		<b>ScenarioOutline</b>
		<span class="desc-text">Assign To Project After Save</span>
	</div>
	<ul class='steps'>
		<li test-id='88' class='node scenario fail' status='fail'>
			<div class='category-list'>
				<span class='category label white-text'>@AssignProjectAfterSave</span>
			</div>
			
			<b>Scenario</b>
			
			<span class="bdd-step-name">Assign To Project After Save</span>
			
				<ul class='steps'>
					<li test-id='89' class='node given pass' status='pass'><b>Given</b>
						<span class="bdd-step-name">Given Open "chrome" and start application</span>
							<div class='pre'>passed</div>
					</li>
					<li test-id='90' class='node when pass' status='pass'><b>When</b>
						<span class="bdd-step-name">When I enter valid "admin" and "admin"</span>
							<div class='pre'>passed</div>
					</li>
					<li test-id='91' class='node then pass' status='pass'><b>Then</b>
						<span class="bdd-step-name">Then I should be able see "Admin, eHour" on Welcome Page</span>
							<div class='pre'>passed</div>
					</li>
					<li test-id='92' class='node when pass' status='pass'><b>When</b>
						<span class="bdd-step-name">When I select menu item "Users"</span>
							<div class='pre'>passed</div>
					</li>
					<li test-id='93' class='node then pass' status='pass'><b>Then</b>
						<span class="bdd-step-name">Then Page Header must display "User management"</span>
							<div class='pre'>passed</div>
					</li>
					<li test-id='94' class='node when pass' status='pass'><b>When</b>
						<span class="bdd-step-name">When I add a new user with the following details if non exist</span>
							<div class='pre'><table><tr><td>Username</td><td>FirstName</td><td>LastName</td><td>Email</td><td>Password</td><td>ConfirmPassword</td><td>Functional Group</td><td>UserRoles</td><td>Active</td><td>AssignToProjectAfterSave</td><td>Country</td><td>Location</td><td>EmployeeType</td><td>TimeSheetApprover</td></tr><tr><td>qwerty</td><td>qwerty</td><td>qwerty</td><td>qwerty@nisum.com</td><td>qwerty</td><td>qwerty</td><td>Offshore</td><td>User</td><td>true</td><td>true</td><td>India</td><td>Hyderabad</td><td>Adroit</td><td>Lim, Karin</td></tr></table></div>
							<div class='pre'>passed</div>
					</li>
					<li test-id='95' class='node when pass' status='pass'><b>When</b>
						<span class="bdd-step-name">When I select menu item "Assignments"</span>
							<div class='pre'>passed</div>
					</li>
					<li test-id='96' class='node when pass' status='pass'><b>When</b>
						<span class="bdd-step-name">When I assign projects to users as follows</span>
							<div class='pre'><table><tr><td>FirstName</td><td>LastName</td><td>Account</td><td>Project</td><td>AssignmentType</td><td>StartDate</td><td>EndDate</td><td>Role</td><td>HourlyRate</td><td>Active</td></tr><tr><td>qwerty</td><td>qwerty</td><td>NB - Nisum Billable</td><td>ATS-Product - ATS-Product</td><td>Date range</td><td>true</td><td>true</td><td>QA</td><td>0.00</td><td>true</td></tr></table></div>
							<div class='pre'>passed</div>
					</li>
					<li test-id='97' class='node then pass' status='pass'><b>Then</b>
						<span class="bdd-step-name">Then I click save button on user page</span>
							<div class='pre'>passed</div>
					</li>
					<li test-id='98' class='node when pass' status='pass'><b>When</b>
						<span class="bdd-step-name">When I logout from eHour</span>
							<div class='pre'>passed</div>
					</li>
					<li test-id='99' class='node then pass' status='pass'><b>Then</b>
						<span class="bdd-step-name">Then I am successfully logged out</span>
							<div class='pre'>passed</div>
					</li>
					<li test-id='100' class='node given pass' status='pass'><b>Given</b>
						<span class="bdd-step-name">Given Open "chrome" and start application</span>
							<div class='pre'>passed</div>
					</li>
					<li test-id='101' class='node when pass' status='pass'><b>When</b>
						<span class="bdd-step-name">When I enter valid "qwerty" and "qwerty"</span>
							<div class='pre'>passed</div>
					</li>
					<li test-id='102' class='node then pass' status='pass'><b>Then</b>
						<span class="bdd-step-name">Then I should be able see "qwerty, qwerty" on Welcome Page</span>
							<div class='pre'>passed</div>
					</li>
					<li test-id='103' class='node and pass' status='pass'><b>And</b>
						<span class="bdd-step-name">And I am navigated to Timesheet page</span>
							<div class='pre'>passed</div>
					</li>
					<li test-id='104' class='node and pass' status='pass'><b>And</b>
						<span class="bdd-step-name">And I see the following accounts-projects in the timesheet</span>
							<div class='pre'><table><tr><td>AccountName</td><td>ProjectName</td></tr><tr><td>Nisum Billable</td><td>ATS-Product</td></tr></table></div>
							<div class='pre'>passed</div>
					</li>
					<li test-id='105' class='node when pass' status='pass'><b>When</b>
						<span class="bdd-step-name">When I logout from eHour</span>
							<div class='pre'>passed</div>
					</li>
					<li test-id='106' class='node then fail' status='fail'><b>Then</b>
						<span class="bdd-step-name">Then I am successfully logged out</span>
							<div class='pre'><pre>java.lang.AssertionError: https://ec2-52-39-177-85.us-west-2.compute.amazonaws.com:8443/ehour/eh/login expected [true] but found [false]
	at org.testng.Assert.fail(Assert.java:94)
	at org.testng.Assert.failNotEquals(Assert.java:513)
	at org.testng.Assert.assertTrue(Assert.java:42)
	at PageObjects.Base.AssertTrue(Base.java:300)
	at PageObjects.Page_Header.VerifySignOut(Page_Header.java:154)
	at stepDefinition.Steps_AfterLogin.i_am_successfully_logged_out(Steps_AfterLogin.java:34)
	at ✽.Then I am successfully logged out(Feature_AssignTo_Project_After_Save.feature:28)
</pre></div>
					</li>
					<li test-id='107' class='node given skip' status='skip'><b>Given</b>
						<span class="bdd-step-name">Given Open "chrome" and start application</span>
							<div class='pre'>skipped</div>
					</li>
					<li test-id='108' class='node when skip' status='skip'><b>When</b>
						<span class="bdd-step-name">When I enter valid "admin" and "admin"</span>
							<div class='pre'>skipped</div>
					</li>
					<li test-id='109' class='node when skip' status='skip'><b>When</b>
						<span class="bdd-step-name">When I select menu item "Users"</span>
							<div class='pre'>skipped</div>
					</li>
					<li test-id='110' class='node then skip' status='skip'><b>Then</b>
						<span class="bdd-step-name">Then Page Header must display "User management"</span>
							<div class='pre'>skipped</div>
					</li>
					<li test-id='111' class='node when skip' status='skip'><b>When</b>
						<span class="bdd-step-name">When I select menu item "Users"</span>
							<div class='pre'>skipped</div>
					</li>
					<li test-id='112' class='node when skip' status='skip'><b>When</b>
						<span class="bdd-step-name">When I Select the user with username - "qwerty"</span>
							<div class='pre'>skipped</div>
					</li>
					<li test-id='113' class='node when skip' status='skip'><b>When</b>
						<span class="bdd-step-name">When I press the delete button</span>
							<div class='pre'>skipped</div>
					</li>
					<li test-id='114' class='node then skip' status='skip'><b>Then</b>
						<span class="bdd-step-name">Then I cannot search the user with the username - "qwerty"</span>
							<div class='pre'>skipped</div>
					</li>
					<li test-id='115' class='node when skip' status='skip'><b>When</b>
						<span class="bdd-step-name">When I logout from eHour</span>
							<div class='pre'>skipped</div>
					</li>
					<li test-id='116' class='node then skip' status='skip'><b>Then</b>
						<span class="bdd-step-name">Then I am successfully logged out</span>
						<ul class='screenshots right'>
							<li><a data-featherlight="image" href="errorScreenshots/2017-07-28-15-01-51.jpg"><i class='material-icons'>panorama</i></a></li>
						</ul>
							<div class='pre'>skipped</div>
					</li>
				</ul>
		</li>
	</ul>
</div>
					</div>
				</li>
				
				
				<li class='test displayed active has-leaf fail' status='fail' bdd='true' test-id='117'>
					<div class='test-heading'>
						<span class='test-name'>Assigning Users to Projects</span>
						<span class='test-time'>Jul 28, 2017 03:01:52 PM</span>
						<span class='test-status right fail'>fail</span>
					</div>
					<div class='test-content hide'>
<div class='scenariooutline node' test-id='118' status='fail'>
	<span class='duration right label'>0h 2m 1s+501ms</span>
	<div class='desc'>
		<b>ScenarioOutline</b>
		<span class="desc-text">Create Users and assign them to project</span>
	</div>
	<ul class='steps'>
		<li test-id='119' class='node scenario fail' status='fail'>
			<div class='category-list'>
				<span class='category label white-text'>@ProjectAssignment</span>
				<span class='category label white-text'>@FeatureAssignment</span>
			</div>
			
			<b>Scenario</b>
			
			<span class="bdd-step-name">Create Users and assign them to project</span>
			
				<ul class='steps'>
					<li test-id='120' class='node given pass' status='pass'><b>Given</b>
						<span class="bdd-step-name">Given Open "chrome" and start application</span>
							<div class='pre'>passed</div>
					</li>
					<li test-id='121' class='node when pass' status='pass'><b>When</b>
						<span class="bdd-step-name">When I enter valid "admin" and "admin"</span>
							<div class='pre'>passed</div>
					</li>
					<li test-id='122' class='node then pass' status='pass'><b>Then</b>
						<span class="bdd-step-name">Then I should be able see "Admin, eHour" on Welcome Page</span>
							<div class='pre'>passed</div>
					</li>
					<li test-id='123' class='node when pass' status='pass'><b>When</b>
						<span class="bdd-step-name">When I select menu item "Users"</span>
							<div class='pre'>passed</div>
					</li>
					<li test-id='124' class='node then pass' status='pass'><b>Then</b>
						<span class="bdd-step-name">Then Page Header must display "User management"</span>
							<div class='pre'>passed</div>
					</li>
					<li test-id='125' class='node when fail' status='fail'><b>When</b>
						<span class="bdd-step-name">When I add a new user with the following details if non existent</span>
							<div class='pre'><table><tr><td>Username</td><td>FirstName</td><td>LastName</td><td>Email</td><td>Password</td><td>ConfirmPassword</td><td>FunctionalGroup</td><td>UserRole</td><td>Active</td><td>AssignToProjectAfterSave</td><td>Country</td><td>Location</td><td>EmployeeType</td><td>TimeSheetApprover</td></tr><tr><td>testuser</td><td>test</td><td>user</td><td>tu@nisum.com</td><td>Nisum$123</td><td>Nisum$123</td><td>Offshore</td><td>User</td><td>true</td><td>false</td><td>Pakistan</td><td>Karachi</td><td>Nisum</td><td>Lim, Karin</td></tr></table></div>
							<div class='pre'><pre>java.lang.AssertionError: Data saved expected [true] but found [false]
	at org.testng.Assert.fail(Assert.java:94)
	at org.testng.Assert.failNotEquals(Assert.java:513)
	at org.testng.Assert.assertTrue(Assert.java:42)
	at PageObjects.Base.AssertTrue(Base.java:300)
	at PageObjects.Page_UserManagement.CreateUser(Page_UserManagement.java:414)
	at stepDefinition.Steps_UserManagement.i_add_a_new_user_with_the_following_details_if_non_existent(Steps_UserManagement.java:41)
	at ✽.When I add a new user with the following details if non existent(Feature_Assignment.feature:12)
</pre></div>
					</li>
					<li test-id='126' class='node when skip' status='skip'><b>When</b>
						<span class="bdd-step-name">When I select menu item "Assignments"</span>
							<div class='pre'>skipped</div>
					</li>
					<li test-id='127' class='node when skip' status='skip'><b>When</b>
						<span class="bdd-step-name">When I assign projects to users as follows</span>
							<div class='pre'><table><tr><td>FirstName</td><td>LastName</td><td>Account</td><td>Project</td><td>AssignmentType</td><td>StartDate</td><td>EndDate</td><td>Role</td><td>HourlyRate</td><td>Active</td></tr><tr><td>test</td><td>user</td><td>NB - Nisum Billable</td><td>ATS-Product - ATS-Product</td><td>Date range</td><td>true</td><td>true</td><td>Developer</td><td>0.00</td><td>true</td></tr></table></div>
							<div class='pre'>skipped</div>
					</li>
					<li test-id='128' class='node when skip' status='skip'><b>When</b>
						<span class="bdd-step-name">When I logout from eHour</span>
							<div class='pre'>skipped</div>
					</li>
					<li test-id='129' class='node then skip' status='skip'><b>Then</b>
						<span class="bdd-step-name">Then I am successfully logged out</span>
							<div class='pre'>skipped</div>
					</li>
					<li test-id='130' class='node when skip' status='skip'><b>When</b>
						<span class="bdd-step-name">When I enter valid "testuser" and "Nisum$123"</span>
							<div class='pre'>skipped</div>
					</li>
					<li test-id='131' class='node then skip' status='skip'><b>Then</b>
						<span class="bdd-step-name">Then I should be able see "user, test" on Welcome Page</span>
							<div class='pre'>skipped</div>
					</li>
					<li test-id='132' class='node and skip' status='skip'><b>And</b>
						<span class="bdd-step-name">And I am navigated to Timesheet page</span>
							<div class='pre'>skipped</div>
					</li>
					<li test-id='133' class='node and skip' status='skip'><b>And</b>
						<span class="bdd-step-name">And I see the following accounts-projects in the timesheet</span>
							<div class='pre'><table><tr><td>AccountName</td><td>ProjectName</td></tr><tr><td>Nisum Billable</td><td>ATS-Product</td></tr></table></div>
							<div class='pre'>skipped</div>
					</li>
					<li test-id='134' class='node when skip' status='skip'><b>When</b>
						<span class="bdd-step-name">When I logout from eHour</span>
							<div class='pre'>skipped</div>
					</li>
					<li test-id='135' class='node then skip' status='skip'><b>Then</b>
						<span class="bdd-step-name">Then I am successfully logged out</span>
							<div class='pre'>skipped</div>
					</li>
					<li test-id='136' class='node when skip' status='skip'><b>When</b>
						<span class="bdd-step-name">When I enter valid "admin" and "admin"</span>
							<div class='pre'>skipped</div>
					</li>
					<li test-id='137' class='node then skip' status='skip'><b>Then</b>
						<span class="bdd-step-name">Then I should be able see "Admin, eHour" on Welcome Page</span>
							<div class='pre'>skipped</div>
					</li>
					<li test-id='138' class='node when skip' status='skip'><b>When</b>
						<span class="bdd-step-name">When I select menu item "Assignments"</span>
							<div class='pre'>skipped</div>
					</li>
					<li test-id='139' class='node when skip' status='skip'><b>When</b>
						<span class="bdd-step-name">When I edit assignments as follows</span>
							<div class='pre'><table><tr><td>FirstName</td><td>LastName</td><td>Account</td><td>Project</td><td>AssignmentType</td><td>StartDate</td><td>EndDate</td><td>Role</td><td>HourlyRate</td><td>Active</td></tr><tr><td>test</td><td>user</td><td>NB - Nisum Billable</td><td>ATS-Product - ATS-Product</td><td>Date range</td><td>true</td><td>true</td><td>Tester</td><td>10.00</td><td>true</td></tr></table></div>
							<div class='pre'>skipped</div>
					</li>
					<li test-id='140' class='node when skip' status='skip'><b>When</b>
						<span class="bdd-step-name">When I unassign projects to users as follows</span>
							<div class='pre'><table><tr><td>FirstName</td><td>LastName</td><td>Account</td><td>Project</td><td>AssignmentType</td><td>StartDate</td><td>EndDate</td><td>Role</td><td>HourlyRate</td><td>Active</td></tr><tr><td>test</td><td>user</td><td>NB - Nisum Billable</td><td>ATS-Product - ATS-Product</td><td>Date range</td><td>true</td><td>true</td><td>Developer</td><td>0.00</td><td>true</td></tr></table></div>
							<div class='pre'>skipped</div>
					</li>
					<li test-id='141' class='node when skip' status='skip'><b>When</b>
						<span class="bdd-step-name">When I logout from eHour</span>
							<div class='pre'>skipped</div>
					</li>
					<li test-id='142' class='node then skip' status='skip'><b>Then</b>
						<span class="bdd-step-name">Then I am successfully logged out</span>
						<ul class='screenshots right'>
							<li><a data-featherlight="image" href="errorScreenshots/2017-07-28-15-03-53.jpg"><i class='material-icons'>panorama</i></a></li>
						</ul>
							<div class='pre'>skipped</div>
					</li>
				</ul>
		</li>
	</ul>
</div>
					</div>
				</li>
				
				
				<li class='test displayed active has-leaf fail' status='fail' bdd='true' test-id='143'>
					<div class='test-heading'>
						<span class='test-name'>Assigning a date based project to the user</span>
						<span class='test-time'>Jul 28, 2017 03:03:54 PM</span>
						<span class='test-status right fail'>fail</span>
					</div>
					<div class='test-content hide'>
<div class='scenariooutline node' test-id='144' status='fail'>
	<span class='duration right label'>0h 8m 25s+516ms</span>
	<div class='desc'>
		<b>ScenarioOutline</b>
		<span class="desc-text">Create Users and assign them to project I want to create a user, assign a date based project to the user and verify if the same is reflecting on the user account</span>
	</div>
	<ul class='steps'>
		<li test-id='145' class='node scenario fail' status='fail'>
			<div class='category-list'>
				<span class='category label white-text'>@ProjectAssignment</span>
			</div>
			
			<b>Scenario</b>
			
			<span class="bdd-step-name">Create Users and assign them to project I want to create a user, assign a date based project to the user and verify if the same is reflecting on the user account</span>
			
				<ul class='steps'>
					<li test-id='146' class='node given pass' status='pass'><b>Given</b>
						<span class="bdd-step-name">Given Open "chrome" and start application</span>
							<div class='pre'>passed</div>
					</li>
					<li test-id='147' class='node when pass' status='pass'><b>When</b>
						<span class="bdd-step-name">When I enter valid "admin" and "admin"</span>
							<div class='pre'>passed</div>
					</li>
					<li test-id='148' class='node then pass' status='pass'><b>Then</b>
						<span class="bdd-step-name">Then I should be able see "Admin, eHour" on Welcome Page</span>
							<div class='pre'>passed</div>
					</li>
					<li test-id='149' class='node when pass' status='pass'><b>When</b>
						<span class="bdd-step-name">When I select menu item "Users"</span>
							<div class='pre'>passed</div>
					</li>
					<li test-id='150' class='node then pass' status='pass'><b>Then</b>
						<span class="bdd-step-name">Then Page Header must display "User management"</span>
							<div class='pre'>passed</div>
					</li>
					<li test-id='151' class='node when fail' status='fail'><b>When</b>
						<span class="bdd-step-name">When I add a new user with the following details if non existent</span>
							<div class='pre'><table><tr><td>Username</td><td>FirstName</td><td>LastName</td><td>Email</td><td>Password</td><td>ConfirmPassword</td><td>Department</td><td>UserRole</td><td>Active</td><td>AssignToProjectAfterSave</td><td>Country</td><td>Location</td><td>EmployeeType</td><td>TimeSheetApprover</td></tr><tr><td>Automation</td><td>QA</td><td>Testing</td><td>Testing@nisum.com</td><td>yahoo$123</td><td>yahoo$123</td><td>Offshore</td><td>User</td><td>true</td><td>false</td><td>Pakistan</td><td>Karachi</td><td>Nisum</td><td>Lim, Karin</td></tr></table></div>
							<div class='pre'><pre>org.openqa.selenium.NoSuchElementException: Cannot locate element with text: Karachi
For documentation on this error, please visit: http://seleniumhq.org/exceptions/no_such_element.html
Build info: version: '3.4.0', revision: 'unknown', time: 'unknown'
System info: host: 'Malav.local', ip: 'fe80:0:0:0:18b8:8fda:ae60:d4d9%en0', os.name: 'Mac OS X', os.arch: 'x86_64', os.version: '10.12.3', java.version: '1.8.0_121'
Driver info: driver.version: unknown
	at org.openqa.selenium.support.ui.Select.selectByVisibleText(Select.java:151)
	at PageObjects.Base.SelectByVisibleText(Base.java:352)
	at PageObjects.Page_UserManagement.CreateUser(Page_UserManagement.java:409)
	at stepDefinition.Steps_UserManagement.i_add_a_new_user_with_the_following_details_if_non_existent(Steps_UserManagement.java:41)
	at ✽.When I add a new user with the following details if non existent(Feature_DateBasedAssignment.feature:10)
</pre></div>
					</li>
					<li test-id='152' class='node when skip' status='skip'><b>When</b>
						<span class="bdd-step-name">When I select menu item "Assignments"</span>
							<div class='pre'>skipped</div>
					</li>
					<li test-id='153' class='node when skip' status='skip'><b>When</b>
						<span class="bdd-step-name">When I select a client named "QA"</span>
							<div class='pre'>skipped</div>
					</li>
					<li test-id='154' class='node then skip' status='skip'><b>Then</b>
						<span class="bdd-step-name">Then I should assign a project with Start and End date</span>
							<div class='pre'><table><tr><td>Assignment type</td></tr><tr><td>Date range</td></tr></table></div>
							<div class='pre'>skipped</div>
					</li>
					<li test-id='155' class='node given skip' status='skip'><b>Given</b>
						<span class="bdd-step-name">Given Open "chrome" and start application</span>
							<div class='pre'>skipped</div>
					</li>
					<li test-id='156' class='node then skip' status='skip'><b>Then</b>
						<span class="bdd-step-name">Then I enter valid "automation" and "yahoo$123"</span>
							<div class='pre'>skipped</div>
					</li>
					<li test-id='157' class='node then skip' status='skip'><b>Then</b>
						<span class="bdd-step-name">Then I should be able see "Testing, QA" on Welcome Page</span>
							<div class='pre'>skipped</div>
					</li>
					<li test-id='158' class='node then skip' status='skip'><b>Then</b>
						<span class="bdd-step-name">Then i check if project is displayed or not when the user is logged in</span>
							<div class='pre'>skipped</div>
					</li>
					<li test-id='159' class='node then skip' status='skip'><b>Then</b>
						<span class="bdd-step-name">Then i check if project is not displayed when i select the other dates in time frame</span>
							<div class='pre'>skipped</div>
					</li>
					<li test-id='160' class='node when skip' status='skip'><b>When</b>
						<span class="bdd-step-name">When I enter valid "admin" and "admin"</span>
							<div class='pre'>skipped</div>
					</li>
					<li test-id='161' class='node then skip' status='skip'><b>Then</b>
						<span class="bdd-step-name">Then I should be able see "Admin, eHour" on Welcome Page</span>
							<div class='pre'>skipped</div>
					</li>
					<li test-id='162' class='node when skip' status='skip'><b>When</b>
						<span class="bdd-step-name">When I select menu item "Users"</span>
							<div class='pre'>skipped</div>
					</li>
					<li test-id='163' class='node when skip' status='skip'><b>When</b>
						<span class="bdd-step-name">When I Select the user with username - "Automation"</span>
							<div class='pre'>skipped</div>
					</li>
					<li test-id='164' class='node when skip' status='skip'><b>When</b>
						<span class="bdd-step-name">When I press the delete button</span>
							<div class='pre'>skipped</div>
					</li>
					<li test-id='165' class='node then skip' status='skip'><b>Then</b>
						<span class="bdd-step-name">Then I cannot search the user with the username - "Automation"</span>
							<div class='pre'>skipped</div>
					</li>
					<li test-id='166' class='node when skip' status='skip'><b>When</b>
						<span class="bdd-step-name">When I logout from eHour</span>
							<div class='pre'>skipped</div>
					</li>
					<li test-id='167' class='node then skip' status='skip'><b>Then</b>
						<span class="bdd-step-name">Then I am successfully logged out</span>
						<ul class='screenshots right'>
							<li><a data-featherlight="image" href="errorScreenshots/2017-07-28-15-12-19.jpg"><i class='material-icons'>panorama</i></a></li>
						</ul>
							<div class='pre'>skipped</div>
					</li>
				</ul>
		</li>
	</ul>
</div>
					</div>
				</li>
				
				
				<li class='test displayed active has-leaf pass' status='pass' bdd='true' test-id='168'>
					<div class='test-heading'>
						<span class='test-name'>Create, Update, Delete Departments</span>
						<span class='test-time'>Jul 28, 2017 03:12:20 PM</span>
						<span class='test-status right pass'>pass</span>
					</div>
					<div class='test-content hide'>
<div class='scenariooutline node' test-id='169' status='pass'>
	<span class='duration right label'>0h 20m 13s+194ms</span>
	<div class='desc'>
		<b>ScenarioOutline</b>
		<span class="desc-text">Create Update Delete Departments</span>
	</div>
	<ul class='steps'>
		<li test-id='170' class='node scenario pass' status='pass'>
			<div class='category-list'>
				<span class='category label white-text'>@CRUDDepartments</span>
			</div>
			
			<b>Scenario</b>
			
			<span class="bdd-step-name">Create Update Delete Departments</span>
			
				<ul class='steps'>
					<li test-id='171' class='node given pass' status='pass'><b>Given</b>
						<span class="bdd-step-name">Given Open "chrome" and start application</span>
							<div class='pre'>passed</div>
					</li>
					<li test-id='172' class='node when pass' status='pass'><b>When</b>
						<span class="bdd-step-name">When I enter valid "admin" and "admin"</span>
							<div class='pre'>passed</div>
					</li>
					<li test-id='173' class='node then pass' status='pass'><b>Then</b>
						<span class="bdd-step-name">Then I should be able see "Admin, eHour" on Welcome Page</span>
							<div class='pre'>passed</div>
					</li>
					<li test-id='174' class='node when pass' status='pass'><b>When</b>
						<span class="bdd-step-name">When I select menu item "Functional groups"</span>
							<div class='pre'>passed</div>
					</li>
					<li test-id='175' class='node then pass' status='pass'><b>Then</b>
						<span class="bdd-step-name">Then Page Header must display "Functional groups management"</span>
							<div class='pre'>passed</div>
					</li>
					<li test-id='176' class='node when pass' status='pass'><b>When</b>
						<span class="bdd-step-name">When I add the following non-existing department</span>
							<div class='pre'><table><tr><td>DepartmentName</td><td>DepartmentCode</td><td>FunctionalManager</td></tr><tr><td>TestDepartmentName</td><td>TDC</td><td>Lim, Karin</td></tr></table></div>
							<div class='pre'>passed</div>
					</li>
					<li test-id='177' class='node then pass' status='pass'><b>Then</b>
						<span class="bdd-step-name">Then I can search the following departments</span>
							<div class='pre'><table><tr><td>DepartmentName</td><td>DepartmentCode</td></tr><tr><td>TestDepartmentName</td><td>TDC</td></tr></table></div>
							<div class='pre'>passed</div>
					</li>
					<li test-id='178' class='node when pass' status='pass'><b>When</b>
						<span class="bdd-step-name">When I edit the following department</span>
							<div class='pre'><table><tr><td>OriginalDepartmentName</td><td>OriginalDepartmentCode</td><td>NewDepartmentName</td><td>NewDdepartmentCode</td><td>NewFunctionalManager</td></tr><tr><td>TestDepartmentName</td><td>TDC</td><td>NewDepartmentName</td><td>NDC</td><td>Lopez, Luis</td></tr></table></div>
							<div class='pre'>passed</div>
					</li>
					<li test-id='179' class='node when pass' status='pass'><b>When</b>
						<span class="bdd-step-name">When I delete the following department</span>
							<div class='pre'><table><tr><td>DepartmentName</td><td>DepartmentCode</td></tr><tr><td>NewDepartmentName</td><td>NDC</td></tr></table></div>
							<div class='pre'>passed</div>
					</li>
					<li test-id='180' class='node when pass' status='pass'><b>When</b>
						<span class="bdd-step-name">When I logout from eHour</span>
							<div class='pre'>passed</div>
					</li>
					<li test-id='181' class='node then pass' status='pass'><b>Then</b>
						<span class="bdd-step-name">Then I am successfully logged out</span>
							<div class='pre'>passed</div>
					</li>
				</ul>
		</li>
	</ul>
</div>
					</div>
				</li>
				
				
				<li class='test displayed active has-leaf fail' status='fail' bdd='true' test-id='182'>
					<div class='test-heading'>
						<span class='test-name'>Edit time sheets for other employees</span>
						<span class='test-time'>Jul 28, 2017 03:32:33 PM</span>
						<span class='test-status right fail'>fail</span>
					</div>
					<div class='test-content hide'>
<div class='scenariooutline node' test-id='183' status='fail'>
	<span class='duration right label'>0h 2m 1s+381ms</span>
	<div class='desc'>
		<b>ScenarioOutline</b>
		<span class="desc-text">Creates an user and edit timesheets with admin rights</span>
	</div>
	<ul class='steps'>
		<li test-id='184' class='node scenario fail' status='fail'>
			<div class='category-list'>
				<span class='category label white-text'>@Edit_timesheets_on_behalf_of_other_employee</span>
			</div>
			
			<b>Scenario</b>
			
			<span class="bdd-step-name">Creates an user and edit timesheets with admin rights</span>
			
				<ul class='steps'>
					<li test-id='185' class='node given pass' status='pass'><b>Given</b>
						<span class="bdd-step-name">Given Open "chrome" and start application</span>
							<div class='pre'>passed</div>
					</li>
					<li test-id='186' class='node when pass' status='pass'><b>When</b>
						<span class="bdd-step-name">When I enter valid "admin" and "admin"</span>
							<div class='pre'>passed</div>
					</li>
					<li test-id='187' class='node then pass' status='pass'><b>Then</b>
						<span class="bdd-step-name">Then I should be able see "Admin, eHour" on Welcome Page</span>
							<div class='pre'>passed</div>
					</li>
					<li test-id='188' class='node when pass' status='pass'><b>When</b>
						<span class="bdd-step-name">When I select menu item "Users"</span>
							<div class='pre'>passed</div>
					</li>
					<li test-id='189' class='node then pass' status='pass'><b>Then</b>
						<span class="bdd-step-name">Then Page Header must display "User management"</span>
							<div class='pre'>passed</div>
					</li>
					<li test-id='190' class='node when fail' status='fail'><b>When</b>
						<span class="bdd-step-name">When I add a new user with the following details if non existent</span>
							<div class='pre'><table><tr><td>Username</td><td>FirstName</td><td>LastName</td><td>Email</td><td>Password</td><td>ConfirmPassword</td><td>Department</td><td>UserRole</td><td>Active</td><td>AssignToProjectAfterSave</td><td>Country</td><td>Location</td><td>EmployeeType</td><td>TimeSheetApprover</td></tr><tr><td>Automation</td><td>QA</td><td>Testing</td><td>Testing@nisum.com</td><td>yahoo$123</td><td>yahoo$123</td><td>Offshore</td><td>User</td><td>true</td><td>false</td><td>Pakistan</td><td>Karachi</td><td>Nisum</td><td>Lim, Karin</td></tr></table></div>
							<div class='pre'><pre>java.lang.AssertionError: Data saved expected [true] but found [false]
	at org.testng.Assert.fail(Assert.java:94)
	at org.testng.Assert.failNotEquals(Assert.java:513)
	at org.testng.Assert.assertTrue(Assert.java:42)
	at PageObjects.Base.AssertTrue(Base.java:300)
	at PageObjects.Page_UserManagement.CreateUser(Page_UserManagement.java:414)
	at stepDefinition.Steps_UserManagement.i_add_a_new_user_with_the_following_details_if_non_existent(Steps_UserManagement.java:41)
	at ✽.When I add a new user with the following details if non existent(Feature_EditTimeSheetsForAnEmployee.feature:10)
</pre></div>
					</li>
					<li test-id='191' class='node then skip' status='skip'><b>Then</b>
						<span class="bdd-step-name">Then I select menu item "Edit timesheet"</span>
							<div class='pre'>skipped</div>
					</li>
					<li test-id='192' class='node then skip' status='skip'><b>Then</b>
						<span class="bdd-step-name">Then I select a user "QA" to edit the timesheet</span>
							<div class='pre'>skipped</div>
					</li>
					<li test-id='193' class='node then skip' status='skip'><b>Then</b>
						<span class="bdd-step-name">Then I click on Temporarily sign in and check if i logged in temporarily to that user i should see "Testing, QA"</span>
							<div class='pre'>skipped</div>
					</li>
					<li test-id='194' class='node then skip' status='skip'><b>Then</b>
						<span class="bdd-step-name">Then I fill the timesheet of the user as the following</span>
							<div class='pre'><table><tr><td>PTO</td><td>3.00</td><td>3.00</td><td>3.00</td><td>3.00</td><td>3.00</td><td>3.00</td><td>3.00</td></tr><tr><td>Reserved</td><td>3.00</td><td>3.00</td><td>3.00</td><td>3.00</td><td>3.00</td><td>3.00</td><td>3.00</td></tr><tr><td>shadow</td><td>3.00</td><td>3.00</td><td>3.00</td><td>3.00</td><td>3.00</td><td>3.00</td><td>3.00</td></tr><tr><td>Unassigned</td><td>3.00</td><td>3.00</td><td>3.00</td><td>3.00</td><td>3.00</td><td>3.00</td><td>3.00</td></tr><tr><td>Education</td><td>3.00</td><td>3.00</td><td>3.00</td><td>3.00</td><td>3.00</td><td>3.00</td><td>3.00</td></tr><tr><td>Meeting&Events</td><td>3.00</td><td>3.00</td><td>3.00</td><td>3.00</td><td>3.00</td><td>3.00</td><td>3.00</td></tr><tr><td>Interviews</td><td>3.00</td><td>3.00</td><td>3.00</td><td>3.00</td><td>3.00</td><td>3.00</td><td>3.00</td></tr></table></div>
							<div class='pre'>skipped</div>
					</li>
					<li test-id='195' class='node then skip' status='skip'><b>Then</b>
						<span class="bdd-step-name">Then I enter a comment for that week and click on save</span>
							<div class='pre'>skipped</div>
					</li>
					<li test-id='196' class='node then skip' status='skip'><b>Then</b>
						<span class="bdd-step-name">Then I switch back to the admin account</span>
							<div class='pre'>skipped</div>
					</li>
					<li test-id='197' class='node when skip' status='skip'><b>When</b>
						<span class="bdd-step-name">When I logout from eHour</span>
							<div class='pre'>skipped</div>
					</li>
					<li test-id='198' class='node then skip' status='skip'><b>Then</b>
						<span class="bdd-step-name">Then I am successfully logged out</span>
							<div class='pre'>skipped</div>
					</li>
					<li test-id='199' class='node when skip' status='skip'><b>When</b>
						<span class="bdd-step-name">When I enter valid "automation" and "yahoo$123"</span>
							<div class='pre'>skipped</div>
					</li>
					<li test-id='200' class='node then skip' status='skip'><b>Then</b>
						<span class="bdd-step-name">Then I should be able see "Testing, QA" on Welcome Page</span>
							<div class='pre'>skipped</div>
					</li>
					<li test-id='201' class='node then skip' status='skip'><b>Then</b>
						<span class="bdd-step-name">Then I check if the timesheets are filled properly by admin or not</span>
							<div class='pre'>skipped</div>
					</li>
					<li test-id='202' class='node then skip' status='skip'><b>Then</b>
						<span class="bdd-step-name">Then I remove the filled timesheet again to delete the user and click on save</span>
							<div class='pre'><table><tr><td>PTO</td><td>0.00</td><td>0.00</td><td>0.00</td><td>0.00</td><td>0.00</td><td>0.00</td><td>0.00</td></tr><tr><td>Reserved</td><td>0.00</td><td>0.00</td><td>0.00</td><td>0.00</td><td>0.00</td><td>0.00</td><td>0.00</td></tr><tr><td>shadow</td><td>0.00</td><td>0.00</td><td>0.00</td><td>0.00</td><td>0.00</td><td>0.00</td><td>0.00</td></tr><tr><td>Unassigned</td><td>0.00</td><td>0.00</td><td>0.00</td><td>0.00</td><td>0.00</td><td>0.00</td><td>0.00</td></tr><tr><td>Education</td><td>0.00</td><td>0.00</td><td>0.00</td><td>0.00</td><td>0.00</td><td>0.00</td><td>0.00</td></tr><tr><td>Meeting&Events</td><td>0.00</td><td>0.00</td><td>0.00</td><td>0.00</td><td>0.00</td><td>0.00</td><td>0.00</td></tr><tr><td>Interviews</td><td>0.00</td><td>0.00</td><td>0.00</td><td>0.00</td><td>0.00</td><td>0.00</td><td>0.00</td></tr></table></div>
							<div class='pre'>skipped</div>
					</li>
					<li test-id='203' class='node when skip' status='skip'><b>When</b>
						<span class="bdd-step-name">When I logout from eHour</span>
							<div class='pre'>skipped</div>
					</li>
					<li test-id='204' class='node then skip' status='skip'><b>Then</b>
						<span class="bdd-step-name">Then I am successfully logged out</span>
							<div class='pre'>skipped</div>
					</li>
					<li test-id='205' class='node when skip' status='skip'><b>When</b>
						<span class="bdd-step-name">When I enter valid "admin" and "admin"</span>
							<div class='pre'>skipped</div>
					</li>
					<li test-id='206' class='node then skip' status='skip'><b>Then</b>
						<span class="bdd-step-name">Then I should be able see "Admin, eHour" on Welcome Page</span>
							<div class='pre'>skipped</div>
					</li>
					<li test-id='207' class='node when skip' status='skip'><b>When</b>
						<span class="bdd-step-name">When I select menu item "Users"</span>
							<div class='pre'>skipped</div>
					</li>
					<li test-id='208' class='node when skip' status='skip'><b>When</b>
						<span class="bdd-step-name">When I Select the user with username - "Automation"</span>
							<div class='pre'>skipped</div>
					</li>
					<li test-id='209' class='node when skip' status='skip'><b>When</b>
						<span class="bdd-step-name">When I press the delete button</span>
							<div class='pre'>skipped</div>
					</li>
					<li test-id='210' class='node then skip' status='skip'><b>Then</b>
						<span class="bdd-step-name">Then I cannot search the user with the username - "Automation"</span>
							<div class='pre'>skipped</div>
					</li>
					<li test-id='211' class='node when skip' status='skip'><b>When</b>
						<span class="bdd-step-name">When I logout from eHour</span>
							<div class='pre'>skipped</div>
					</li>
					<li test-id='212' class='node then skip' status='skip'><b>Then</b>
						<span class="bdd-step-name">Then I am successfully logged out</span>
						<ul class='screenshots right'>
							<li><a data-featherlight="image" href="errorScreenshots/2017-07-28-15-34-35.jpg"><i class='material-icons'>panorama</i></a></li>
						</ul>
							<div class='pre'>skipped</div>
					</li>
				</ul>
		</li>
	</ul>
</div>
					</div>
				</li>
				
				
				<li class='test displayed active has-leaf pass' status='pass' bdd='true' test-id='213'>
					<div class='test-heading'>
						<span class='test-name'>Client Management</span>
						<span class='test-time'>Jul 28, 2017 03:34:35 PM</span>
						<span class='test-status right pass'>pass</span>
					</div>
					<div class='test-content hide'>
<div class='scenariooutline node' test-id='214' status='pass'>
	<span class='duration right label'>0h 4m 30s+760ms</span>
	<div class='desc'>
		<b>ScenarioOutline</b>
		<span class="desc-text">Client - Add, Search, Delete</span>
	</div>
	<ul class='steps'>
		<li test-id='215' class='node scenario pass' status='pass'>
			<div class='category-list'>
				<span class='category label white-text'>@ClientManagement</span>
			</div>
			
			<b>Scenario</b>
			
			<span class="bdd-step-name">Client - Add, Search, Delete</span>
			
				<ul class='steps'>
					<li test-id='216' class='node given pass' status='pass'><b>Given</b>
						<span class="bdd-step-name">Given Open "chrome" and start application</span>
							<div class='pre'>passed</div>
					</li>
					<li test-id='217' class='node when pass' status='pass'><b>When</b>
						<span class="bdd-step-name">When I enter valid "admin" and "admin"</span>
							<div class='pre'>passed</div>
					</li>
					<li test-id='218' class='node then pass' status='pass'><b>Then</b>
						<span class="bdd-step-name">Then I should be able see "Admin, eHour" on Welcome Page</span>
							<div class='pre'>passed</div>
					</li>
					<li test-id='219' class='node when pass' status='pass'><b>When</b>
						<span class="bdd-step-name">When I select menu item "Clients"</span>
							<div class='pre'>passed</div>
					</li>
					<li test-id='220' class='node then pass' status='pass'><b>Then</b>
						<span class="bdd-step-name">Then Page Header must display "Client management"</span>
							<div class='pre'>passed</div>
					</li>
					<li test-id='221' class='node when pass' status='pass'><b>When</b>
						<span class="bdd-step-name">When I delete a client named "TestClient"</span>
							<div class='pre'>passed</div>
					</li>
					<li test-id='222' class='node when pass' status='pass'><b>When</b>
						<span class="bdd-step-name">When I create a client with the following details</span>
							<div class='pre'><table><tr><td>ClientName</td><td>ClientCode</td><td>ClientDescription</td><td>IsActive</td></tr><tr><td>TestClient</td><td>TestClientCode</td><td>Test Client Description</td><td>true</td></tr></table></div>
							<div class='pre'>passed</div>
					</li>
					<li test-id='223' class='node then pass' status='pass'><b>Then</b>
						<span class="bdd-step-name">Then I can search the client by Client Name "TestClient"</span>
							<div class='pre'>passed</div>
					</li>
					<li test-id='224' class='node when pass' status='pass'><b>When</b>
						<span class="bdd-step-name">When I select the client with Client Name "TestClient"</span>
							<div class='pre'>passed</div>
					</li>
					<li test-id='225' class='node then pass' status='pass'><b>Then</b>
						<span class="bdd-step-name">Then The selected client has the following details</span>
							<div class='pre'><table><tr><td>ClientName</td><td>ClientCode</td><td>ClientDescription</td><td>IsActive</td></tr><tr><td>TestClient</td><td>TestClientCode</td><td>Test Client Description</td><td>true</td></tr></table></div>
							<div class='pre'>passed</div>
					</li>
					<li test-id='226' class='node when pass' status='pass'><b>When</b>
						<span class="bdd-step-name">When I delete the client with Client Name "TestClient"</span>
							<div class='pre'>passed</div>
					</li>
					<li test-id='227' class='node then pass' status='pass'><b>Then</b>
						<span class="bdd-step-name">Then I cannot search the client by Client Name "TestClient"</span>
							<div class='pre'>passed</div>
					</li>
					<li test-id='228' class='node when pass' status='pass'><b>When</b>
						<span class="bdd-step-name">When I logout from eHour</span>
							<div class='pre'>passed</div>
					</li>
					<li test-id='229' class='node then pass' status='pass'><b>Then</b>
						<span class="bdd-step-name">Then I am successfully logged out</span>
							<div class='pre'>passed</div>
					</li>
				</ul>
		</li>
	</ul>
</div>
					</div>
				</li>
				
				
				<li class='test displayed active has-leaf fail' status='fail' bdd='true' test-id='230'>
					<div class='test-heading'>
						<span class='test-name'>Locked Period Management</span>
						<span class='test-time'>Jul 28, 2017 03:39:06 PM</span>
						<span class='test-status right fail'>fail</span>
					</div>
					<div class='test-content hide'>
<div class='scenariooutline node' test-id='231' status='fail'>
	<span class='duration right label'>0h 4m 50s+844ms</span>
	<div class='desc'>
		<b>ScenarioOutline</b>
		<span class="desc-text">Verify that locked period causes the timesheet to be locked for the given period.</span>
	</div>
	<ul class='steps'>
		<li test-id='232' class='node scenario fail' status='fail'>
			<div class='category-list'>
				<span class='category label white-text'>@ScenarioLockedPeriodsManagement</span>
				<span class='category label white-text'>@FeatureLockedPeriodsManagement</span>
			</div>
			
			<b>Scenario</b>
			
			<span class="bdd-step-name">Verify that locked period causes the timesheet to be locked for the given period.</span>
			
				<ul class='steps'>
					<li test-id='233' class='node given pass' status='pass'><b>Given</b>
						<span class="bdd-step-name">Given Open "chrome" and start application</span>
							<div class='pre'>passed</div>
					</li>
					<li test-id='234' class='node when pass' status='pass'><b>When</b>
						<span class="bdd-step-name">When I enter valid "admin" and "admin"</span>
							<div class='pre'>passed</div>
					</li>
					<li test-id='235' class='node then pass' status='pass'><b>Then</b>
						<span class="bdd-step-name">Then I should be able see "Admin, eHour" on Welcome Page</span>
							<div class='pre'>passed</div>
					</li>
					<li test-id='236' class='node when pass' status='pass'><b>When</b>
						<span class="bdd-step-name">When I select menu item "Locked periods"</span>
							<div class='pre'>passed</div>
					</li>
					<li test-id='237' class='node then pass' status='pass'><b>Then</b>
						<span class="bdd-step-name">Then Page Header must display "Locked periods"</span>
							<div class='pre'>passed</div>
					</li>
					<li test-id='238' class='node when pass' status='pass'><b>When</b>
						<span class="bdd-step-name">When I search and delete the locked periods for current week</span>
							<div class='pre'>passed</div>
					</li>
					<li test-id='239' class='node and fail' status='fail'><b>And</b>
						<span class="bdd-step-name">And I create new locked period for current week</span>
							<div class='pre'><pre>java.lang.AssertionError
	at org.junit.Assert.fail(Assert.java:86)
	at org.junit.Assert.assertTrue(Assert.java:41)
	at org.junit.Assert.assertTrue(Assert.java:52)
	at PageObjects.Page_LockedPeriods.CreateLockedPeriod(Page_LockedPeriods.java:79)
	at stepDefinition.Steps_LockedPeriods.i_create_new_locked_period_for_current_week(Steps_LockedPeriods.java:29)
	at ✽.And I create new locked period for current week(Feature_ManageLockedPeriods.feature:14)
</pre></div>
					</li>
					<li test-id='240' class='node and skip' status='skip'><b>And</b>
						<span class="bdd-step-name">And I logout from eHour</span>
							<div class='pre'>skipped</div>
					</li>
					<li test-id='241' class='node and skip' status='skip'><b>And</b>
						<span class="bdd-step-name">And I enter valid "mparekh" and "test$123"</span>
							<div class='pre'>skipped</div>
					</li>
					<li test-id='242' class='node then skip' status='skip'><b>Then</b>
						<span class="bdd-step-name">Then I should be able see "Parekh, Malav Ashokkumar" on Welcome Page</span>
							<div class='pre'>skipped</div>
					</li>
					<li test-id='243' class='node and skip' status='skip'><b>And</b>
						<span class="bdd-step-name">And I am navigated to Timesheet page</span>
							<div class='pre'>skipped</div>
					</li>
					<li test-id='244' class='node and skip' status='skip'><b>And</b>
						<span class="bdd-step-name">And I see that the fields are locked for the current week</span>
							<div class='pre'>skipped</div>
					</li>
					<li test-id='245' class='node when skip' status='skip'><b>When</b>
						<span class="bdd-step-name">When I logout from eHour</span>
							<div class='pre'>skipped</div>
					</li>
					<li test-id='246' class='node and skip' status='skip'><b>And</b>
						<span class="bdd-step-name">And I enter valid "admin" and "admin"</span>
							<div class='pre'>skipped</div>
					</li>
					<li test-id='247' class='node and skip' status='skip'><b>And</b>
						<span class="bdd-step-name">And I select menu item "Locked periods"</span>
							<div class='pre'>skipped</div>
					</li>
					<li test-id='248' class='node then skip' status='skip'><b>Then</b>
						<span class="bdd-step-name">Then Page Header must display "Locked periods"</span>
							<div class='pre'>skipped</div>
					</li>
					<li test-id='249' class='node when skip' status='skip'><b>When</b>
						<span class="bdd-step-name">When I search and delete the locked periods for current week</span>
							<div class='pre'>skipped</div>
					</li>
					<li test-id='250' class='node and skip' status='skip'><b>And</b>
						<span class="bdd-step-name">And I logout from eHour</span>
							<div class='pre'>skipped</div>
					</li>
					<li test-id='251' class='node and skip' status='skip'><b>And</b>
						<span class="bdd-step-name">And I enter valid "mparekh" and "test$123"</span>
							<div class='pre'>skipped</div>
					</li>
					<li test-id='252' class='node then skip' status='skip'><b>Then</b>
						<span class="bdd-step-name">Then I should be able see "Parekh, Malav Ashokkumar" on Welcome Page</span>
							<div class='pre'>skipped</div>
					</li>
					<li test-id='253' class='node and skip' status='skip'><b>And</b>
						<span class="bdd-step-name">And I am navigated to Timesheet page</span>
							<div class='pre'>skipped</div>
					</li>
					<li test-id='254' class='node and skip' status='skip'><b>And</b>
						<span class="bdd-step-name">And I see that the fields are unlocked for the current week</span>
							<div class='pre'>skipped</div>
					</li>
					<li test-id='255' class='node when skip' status='skip'><b>When</b>
						<span class="bdd-step-name">When I logout from eHour</span>
							<div class='pre'>skipped</div>
					</li>
					<li test-id='256' class='node then skip' status='skip'><b>Then</b>
						<span class="bdd-step-name">Then I am successfully logged out</span>
						<ul class='screenshots right'>
							<li><a data-featherlight="image" href="errorScreenshots/2017-07-28-15-43-57.jpg"><i class='material-icons'>panorama</i></a></li>
						</ul>
							<div class='pre'>skipped</div>
					</li>
				</ul>
		</li>
	</ul>
</div>
					</div>
				</li>
				
				
				<li class='test displayed active has-leaf fail' status='fail' bdd='true' test-id='257'>
					<div class='test-heading'>
						<span class='test-name'>Project Management Feature</span>
						<span class='test-time'>Jul 28, 2017 03:54:02 PM</span>
						<span class='test-status right fail'>fail</span>
					</div>
					<div class='test-content hide'>
<div class='scenariooutline node' test-id='258' status='fail'>
	<span class='duration right label'>0h 26m 40s+282ms</span>
	<div class='desc'>
		<b>ScenarioOutline</b>
		<span class="desc-text">Project Management</span>
	</div>
	<ul class='steps'>
		<li test-id='259' class='node scenario fail' status='fail'>
			<div class='category-list'>
				<span class='category label white-text'>@ProjectManagement</span>
			</div>
			
			<b>Scenario</b>
			
			<span class="bdd-step-name">Project Management</span>
			
				<ul class='steps'>
					<li test-id='260' class='node given pass' status='pass'><b>Given</b>
						<span class="bdd-step-name">Given Open "chrome" and start application</span>
							<div class='pre'>passed</div>
					</li>
					<li test-id='261' class='node when pass' status='pass'><b>When</b>
						<span class="bdd-step-name">When I enter valid "admin" and "admin"</span>
							<div class='pre'>passed</div>
					</li>
					<li test-id='262' class='node and pass' status='pass'><b>And</b>
						<span class="bdd-step-name">And I select menu item "Projects"</span>
							<div class='pre'>passed</div>
					</li>
					<li test-id='263' class='node then pass' status='pass'><b>Then</b>
						<span class="bdd-step-name">Then Page Header must display "Project management"</span>
							<div class='pre'>passed</div>
					</li>
					<li test-id='264' class='node when pass' status='pass'><b>When</b>
						<span class="bdd-step-name">When I add the following non-existent projects</span>
							<div class='pre'><table><tr><td>Name</td><td>ProjectCode</td><td>Client</td><td>ProjectManager</td><td>Description</td><td>ContactPerson</td><td>DefaultProject</td><td>Billable</td><td>Active</td></tr><tr><td>TestProject</td><td>TPC</td><td>NOB - Nisum Non-Billable</td><td>No projectmanager</td><td>TPC-Desc</td><td>ABC Person</td><td>true</td><td>false</td><td>true</td></tr></table></div>
							<div class='pre'>passed</div>
					</li>
					<li test-id='265' class='node then pass' status='pass'><b>Then</b>
						<span class="bdd-step-name">Then I can search the following projects</span>
							<div class='pre'><table><tr><td>Name</td><td>ProjectCode</td></tr><tr><td>TestProject</td><td>TPC</td></tr></table></div>
							<div class='pre'>passed</div>
					</li>
					<li test-id='266' class='node when pass' status='pass'><b>When</b>
						<span class="bdd-step-name">When I modify the following projects</span>
							<div class='pre'><table><tr><td>Name</td><td>ProjectCode</td><td>Client</td><td>ProjectManager</td><td>Description</td><td>ContactPerson</td><td>DefaultProject</td><td>Billable</td><td>Active</td></tr><tr><td>TestProject</td><td>TPC</td><td>NOB - Nisum Non-Billable</td><td>No projectmanager</td><td>TPC-Desc</td><td>ABC Person</td><td>true</td><td>false</td><td>true</td></tr></table></div>
							<div class='pre'>passed</div>
					</li>
					<li test-id='267' class='node when pass' status='pass'><b>When</b>
						<span class="bdd-step-name">When I delete the following projects</span>
							<div class='pre'><table><tr><td>Name</td><td>ProjectCode</td></tr><tr><td>TestProject</td><td>TPC</td></tr></table></div>
							<div class='pre'>passed</div>
					</li>
					<li test-id='268' class='node when pass' status='pass'><b>When</b>
						<span class="bdd-step-name">When I logout from eHour</span>
							<div class='pre'>passed</div>
					</li>
					<li test-id='269' class='node then fail' status='fail'><b>Then</b>
						<span class="bdd-step-name">Then I am successfully logged out</span>
						<ul class='screenshots right'>
							<li><a data-featherlight="image" href="errorScreenshots/2017-07-28-16-20-42.jpg"><i class='material-icons'>panorama</i></a></li>
						</ul>
							<div class='pre'><pre>java.lang.AssertionError: https://ec2-52-39-177-85.us-west-2.compute.amazonaws.com:8443/ehour/eh/login expected [true] but found [false]
	at org.testng.Assert.fail(Assert.java:94)
	at org.testng.Assert.failNotEquals(Assert.java:513)
	at org.testng.Assert.assertTrue(Assert.java:42)
	at PageObjects.Base.AssertTrue(Base.java:300)
	at PageObjects.Page_Header.VerifySignOut(Page_Header.java:154)
	at stepDefinition.Steps_AfterLogin.i_am_successfully_logged_out(Steps_AfterLogin.java:34)
	at ✽.Then I am successfully logged out(Feature_ManageProjects.feature:33)
</pre></div>
					</li>
				</ul>
		</li>
	</ul>
</div>
					</div>
				</li>
				
				
				<li class='test displayed active has-leaf fail' status='fail' bdd='true' test-id='270'>
					<div class='test-heading'>
						<span class='test-name'>User Management Feature</span>
						<span class='test-time'>Jul 28, 2017 04:20:42 PM</span>
						<span class='test-status right fail'>fail</span>
					</div>
					<div class='test-content hide'>
<div class='scenariooutline node' test-id='271' status='fail'>
	<span class='duration right label'>0h 0m 31s+63ms</span>
	<div class='desc'>
		<b>ScenarioOutline</b>
		<span class="desc-text">Create Users</span>
	</div>
	<ul class='steps'>
		<li test-id='272' class='node scenario fail' status='fail'>
			<div class='category-list'>
				<span class='category label white-text'>@UserManagementFeature</span>
				<span class='category label white-text'>@CreateUsers</span>
			</div>
			
			<b>Scenario</b>
			
			<span class="bdd-step-name">Create Users</span>
			
				<ul class='steps'>
					<li test-id='273' class='node given pass' status='pass'><b>Given</b>
						<span class="bdd-step-name">Given Open "chrome" and start application</span>
							<div class='pre'>passed</div>
					</li>
					<li test-id='274' class='node when fail' status='fail'><b>When</b>
						<span class="bdd-step-name">When I enter valid "admin" and "admin"</span>
							<div class='pre'><pre>org.openqa.selenium.NoSuchElementException: no such element: Unable to locate element: {"method":"name","selector":"username"}
  (Session info: chrome=59.0.3071.115)
  (Driver info: chromedriver=2.29.461585 (0be2cd95f834e9ee7c46bcc7cf405b483f5ae83b),platform=Mac OS X 10.12.3 x86_64) (WARNING: The server did not provide any stacktrace information)
Command duration or timeout: 30.01 seconds
For documentation on this error, please visit: http://seleniumhq.org/exceptions/no_such_element.html
Build info: version: '3.4.0', revision: 'unknown', time: 'unknown'
System info: host: 'Malav.local', ip: 'fe80:0:0:0:18b8:8fda:ae60:d4d9%en0', os.name: 'Mac OS X', os.arch: 'x86_64', os.version: '10.12.3', java.version: '1.8.0_121'
Driver info: org.openqa.selenium.chrome.ChromeDriver
Capabilities [{applicationCacheEnabled=false, rotatable=false, mobileEmulationEnabled=false, networkConnectionEnabled=false, chrome={chromedriverVersion=2.29.461585 (0be2cd95f834e9ee7c46bcc7cf405b483f5ae83b), userDataDir=/var/folders/l8/b9lpsxmd6sqghzg1l43rl32c0000gp/T/.org.chromium.Chromium.P77kW7}, takesHeapSnapshot=true, pageLoadStrategy=normal, databaseEnabled=false, handlesAlerts=true, hasTouchScreen=false, version=59.0.3071.115, platform=MAC, browserConnectionEnabled=false, nativeEvents=true, acceptSslCerts=true, locationContextEnabled=true, webStorageEnabled=true, browserName=chrome, takesScreenshot=true, javascriptEnabled=true, cssSelectorsEnabled=true, unexpectedAlertBehaviour=}]
Session ID: b1a81aa0ddd8a72a21194c1193b48335
*** Element info: {Using=name, value=username}
	at sun.reflect.NativeConstructorAccessorImpl.newInstance0(Native Method)
	at sun.reflect.NativeConstructorAccessorImpl.newInstance(NativeConstructorAccessorImpl.java:62)
	at sun.reflect.DelegatingConstructorAccessorImpl.newInstance(DelegatingConstructorAccessorImpl.java:45)
	at java.lang.reflect.Constructor.newInstance(Constructor.java:423)
	at org.openqa.selenium.remote.ErrorHandler.createThrowable(ErrorHandler.java:215)
	at org.openqa.selenium.remote.ErrorHandler.throwIfResponseFailed(ErrorHandler.java:167)
	at org.openqa.selenium.remote.RemoteWebDriver.execute(RemoteWebDriver.java:671)
	at org.openqa.selenium.remote.RemoteWebDriver.findElement(RemoteWebDriver.java:410)
	at org.openqa.selenium.remote.RemoteWebDriver.findElementByName(RemoteWebDriver.java:485)
	at org.openqa.selenium.By$ByName.findElement(By.java:303)
	at org.openqa.selenium.remote.RemoteWebDriver.findElement(RemoteWebDriver.java:402)
	at PageObjects.Page_Login.getUserName(Page_Login.java:29)
	at PageObjects.Page_Login.Login(Page_Login.java:43)
	at stepDefinition.Steps_Login.Login(Steps_Login.java:28)
	at ✽.When I enter valid "admin" and "admin"(Feature_ManageUsers.feature:8)
</pre></div>
					</li>
					<li test-id='275' class='node then skip' status='skip'><b>Then</b>
						<span class="bdd-step-name">Then I should be able see "Admin, eHour" on Welcome Page</span>
						<ul class='screenshots right'>
							<li><a data-featherlight="image" href="errorScreenshots/2017-07-28-16-21-13.jpg"><i class='material-icons'>panorama</i></a></li>
						</ul>
							<div class='pre'>skipped</div>
					</li>
				</ul>
		</li>
	</ul>
</div>
<div class='scenariooutline node' test-id='276' status='fail'>
	<span class='duration right label'>0h 0m 31s+166ms</span>
	<div class='desc'>
		<b>ScenarioOutline</b>
		<span class="desc-text">Create and Delete User</span>
	</div>
	<ul class='steps'>
		<li test-id='277' class='node scenario fail' status='fail'>
			<div class='category-list'>
				<span class='category label white-text'>@UserManagementFeature</span>
				<span class='category label white-text'>@CreateDeleteUser</span>
			</div>
			
			<b>Scenario</b>
			
			<span class="bdd-step-name">Create and Delete User</span>
			
				<ul class='steps'>
					<li test-id='278' class='node given pass' status='pass'><b>Given</b>
						<span class="bdd-step-name">Given Open "chrome" and start application</span>
							<div class='pre'>passed</div>
					</li>
					<li test-id='279' class='node when fail' status='fail'><b>When</b>
						<span class="bdd-step-name">When I enter valid "admin" and "admin"</span>
							<div class='pre'><pre>org.openqa.selenium.NoSuchElementException: no such element: Unable to locate element: {"method":"name","selector":"username"}
  (Session info: chrome=59.0.3071.115)
  (Driver info: chromedriver=2.29.461585 (0be2cd95f834e9ee7c46bcc7cf405b483f5ae83b),platform=Mac OS X 10.12.3 x86_64) (WARNING: The server did not provide any stacktrace information)
Command duration or timeout: 30.02 seconds
For documentation on this error, please visit: http://seleniumhq.org/exceptions/no_such_element.html
Build info: version: '3.4.0', revision: 'unknown', time: 'unknown'
System info: host: 'Malav.local', ip: 'fe80:0:0:0:18b8:8fda:ae60:d4d9%en0', os.name: 'Mac OS X', os.arch: 'x86_64', os.version: '10.12.3', java.version: '1.8.0_121'
Driver info: org.openqa.selenium.chrome.ChromeDriver
Capabilities [{applicationCacheEnabled=false, rotatable=false, mobileEmulationEnabled=false, networkConnectionEnabled=false, chrome={chromedriverVersion=2.29.461585 (0be2cd95f834e9ee7c46bcc7cf405b483f5ae83b), userDataDir=/var/folders/l8/b9lpsxmd6sqghzg1l43rl32c0000gp/T/.org.chromium.Chromium.RAsqVJ}, takesHeapSnapshot=true, pageLoadStrategy=normal, databaseEnabled=false, handlesAlerts=true, hasTouchScreen=false, version=59.0.3071.115, platform=MAC, browserConnectionEnabled=false, nativeEvents=true, acceptSslCerts=true, locationContextEnabled=true, webStorageEnabled=true, browserName=chrome, takesScreenshot=true, javascriptEnabled=true, cssSelectorsEnabled=true, unexpectedAlertBehaviour=}]
Session ID: 54403e4f0e4640b7a91167d017c1adff
*** Element info: {Using=name, value=username}
	at sun.reflect.GeneratedConstructorAccessor16.newInstance(Unknown Source)
	at sun.reflect.DelegatingConstructorAccessorImpl.newInstance(DelegatingConstructorAccessorImpl.java:45)
	at java.lang.reflect.Constructor.newInstance(Constructor.java:423)
	at org.openqa.selenium.remote.ErrorHandler.createThrowable(ErrorHandler.java:215)
	at org.openqa.selenium.remote.ErrorHandler.throwIfResponseFailed(ErrorHandler.java:167)
	at org.openqa.selenium.remote.RemoteWebDriver.execute(RemoteWebDriver.java:671)
	at org.openqa.selenium.remote.RemoteWebDriver.findElement(RemoteWebDriver.java:410)
	at org.openqa.selenium.remote.RemoteWebDriver.findElementByName(RemoteWebDriver.java:485)
	at org.openqa.selenium.By$ByName.findElement(By.java:303)
	at org.openqa.selenium.remote.RemoteWebDriver.findElement(RemoteWebDriver.java:402)
	at PageObjects.Page_Login.getUserName(Page_Login.java:29)
	at PageObjects.Page_Login.Login(Page_Login.java:43)
	at stepDefinition.Steps_Login.Login(Steps_Login.java:28)
	at ✽.When I enter valid "admin" and "admin"(Feature_ManageUsers.feature:41)
</pre></div>
					</li>
					<li test-id='280' class='node then skip' status='skip'><b>Then</b>
						<span class="bdd-step-name">Then I should be able see "Admin, eHour" on Welcome Page</span>
							<div class='pre'>skipped</div>
					</li>
					<li test-id='281' class='node when skip' status='skip'><b>When</b>
						<span class="bdd-step-name">When I select menu item "Users"</span>
							<div class='pre'>skipped</div>
					</li>
					<li test-id='282' class='node then skip' status='skip'><b>Then</b>
						<span class="bdd-step-name">Then Page Header must display "User management"</span>
							<div class='pre'>skipped</div>
					</li>
					<li test-id='283' class='node when skip' status='skip'><b>When</b>
						<span class="bdd-step-name">When I add a new user with the following details if non existent</span>
							<div class='pre'><table><tr><td>Username</td><td>FirstName</td><td>LastName</td><td>Email</td><td>Password</td><td>ConfirmPassword</td><td>Department</td><td>UserRole</td><td>Active</td><td>AssignToProjectAfterSave</td><td>Country</td><td>Location</td><td>EmployeeType</td><td>TimeSheetApprover</td></tr><tr><td>testuser</td><td>test</td><td>user</td><td>tuser@nisum.com</td><td>Nisum$123</td><td>Nisum$123</td><td>Offshore</td><td>User</td><td>true</td><td>false</td><td>India</td><td>Hyderabad</td><td>Adroit</td><td>Lim, Karin</td></tr></table></div>
							<div class='pre'>skipped</div>
					</li>
					<li test-id='284' class='node then skip' status='skip'><b>Then</b>
						<span class="bdd-step-name">Then I can search the client by Client Name "testuser"</span>
							<div class='pre'>skipped</div>
					</li>
					<li test-id='285' class='node when skip' status='skip'><b>When</b>
						<span class="bdd-step-name">When I logout from eHour</span>
							<div class='pre'>skipped</div>
					</li>
					<li test-id='286' class='node then skip' status='skip'><b>Then</b>
						<span class="bdd-step-name">Then I am successfully logged out</span>
							<div class='pre'>skipped</div>
					</li>
					<li test-id='287' class='node when skip' status='skip'><b>When</b>
						<span class="bdd-step-name">When I enter valid "testuser" and "Nisum123"</span>
							<div class='pre'>skipped</div>
					</li>
					<li test-id='288' class='node then skip' status='skip'><b>Then</b>
						<span class="bdd-step-name">Then I should be able see "user, test" on Welcome Page</span>
							<div class='pre'>skipped</div>
					</li>
					<li test-id='289' class='node when skip' status='skip'><b>When</b>
						<span class="bdd-step-name">When I logout from eHour</span>
							<div class='pre'>skipped</div>
					</li>
					<li test-id='290' class='node then skip' status='skip'><b>Then</b>
						<span class="bdd-step-name">Then I am successfully logged out</span>
							<div class='pre'>skipped</div>
					</li>
					<li test-id='291' class='node when skip' status='skip'><b>When</b>
						<span class="bdd-step-name">When I enter valid "admin" and "admin"</span>
							<div class='pre'>skipped</div>
					</li>
					<li test-id='292' class='node then skip' status='skip'><b>Then</b>
						<span class="bdd-step-name">Then I should be able see "Admin, eHour" on Welcome Page</span>
							<div class='pre'>skipped</div>
					</li>
					<li test-id='293' class='node when skip' status='skip'><b>When</b>
						<span class="bdd-step-name">When I select menu item "Users"</span>
							<div class='pre'>skipped</div>
					</li>
					<li test-id='294' class='node when skip' status='skip'><b>When</b>
						<span class="bdd-step-name">When I delete the user with username - "testuser"</span>
							<div class='pre'>skipped</div>
					</li>
					<li test-id='295' class='node then skip' status='skip'><b>Then</b>
						<span class="bdd-step-name">Then I cannot search the user with the username - "testuser"</span>
							<div class='pre'>skipped</div>
					</li>
					<li test-id='296' class='node when skip' status='skip'><b>When</b>
						<span class="bdd-step-name">When I logout from eHour</span>
							<div class='pre'>skipped</div>
					</li>
					<li test-id='297' class='node then skip' status='skip'><b>Then</b>
						<span class="bdd-step-name">Then I am successfully logged out</span>
						<ul class='screenshots right'>
							<li><a data-featherlight="image" href="errorScreenshots/2017-07-28-16-21-45.jpg"><i class='material-icons'>panorama</i></a></li>
						</ul>
							<div class='pre'>skipped</div>
					</li>
				</ul>
		</li>
	</ul>
</div>
<div class='scenariooutline node' test-id='298' status='fail'>
	<span class='duration right label'>0h 0m 31s+93ms</span>
	<div class='desc'>
		<b>ScenarioOutline</b>
		<span class="desc-text">Edit User</span>
	</div>
	<ul class='steps'>
		<li test-id='299' class='node scenario fail' status='fail'>
			<div class='category-list'>
				<span class='category label white-text'>@UserManagementFeature</span>
				<span class='category label white-text'>@EditUser</span>
			</div>
			
			<b>Scenario</b>
			
			<span class="bdd-step-name">Edit User</span>
			
				<ul class='steps'>
					<li test-id='300' class='node given pass' status='pass'><b>Given</b>
						<span class="bdd-step-name">Given Open "chrome" and start application</span>
							<div class='pre'>passed</div>
					</li>
					<li test-id='301' class='node when fail' status='fail'><b>When</b>
						<span class="bdd-step-name">When I enter valid "admin" and "admin"</span>
							<div class='pre'><pre>org.openqa.selenium.NoSuchElementException: no such element: Unable to locate element: {"method":"name","selector":"username"}
  (Session info: chrome=59.0.3071.115)
  (Driver info: chromedriver=2.29.461585 (0be2cd95f834e9ee7c46bcc7cf405b483f5ae83b),platform=Mac OS X 10.12.3 x86_64) (WARNING: The server did not provide any stacktrace information)
Command duration or timeout: 30.04 seconds
For documentation on this error, please visit: http://seleniumhq.org/exceptions/no_such_element.html
Build info: version: '3.4.0', revision: 'unknown', time: 'unknown'
System info: host: 'Malav.local', ip: 'fe80:0:0:0:18b8:8fda:ae60:d4d9%en0', os.name: 'Mac OS X', os.arch: 'x86_64', os.version: '10.12.3', java.version: '1.8.0_121'
Driver info: org.openqa.selenium.chrome.ChromeDriver
Capabilities [{applicationCacheEnabled=false, rotatable=false, mobileEmulationEnabled=false, networkConnectionEnabled=false, chrome={chromedriverVersion=2.29.461585 (0be2cd95f834e9ee7c46bcc7cf405b483f5ae83b), userDataDir=/var/folders/l8/b9lpsxmd6sqghzg1l43rl32c0000gp/T/.org.chromium.Chromium.BOf0y5}, takesHeapSnapshot=true, pageLoadStrategy=normal, databaseEnabled=false, handlesAlerts=true, hasTouchScreen=false, version=59.0.3071.115, platform=MAC, browserConnectionEnabled=false, nativeEvents=true, acceptSslCerts=true, locationContextEnabled=true, webStorageEnabled=true, browserName=chrome, takesScreenshot=true, javascriptEnabled=true, cssSelectorsEnabled=true, unexpectedAlertBehaviour=}]
Session ID: a6baadcee96519d4e012bb75690271eb
*** Element info: {Using=name, value=username}
	at sun.reflect.GeneratedConstructorAccessor16.newInstance(Unknown Source)
	at sun.reflect.DelegatingConstructorAccessorImpl.newInstance(DelegatingConstructorAccessorImpl.java:45)
	at java.lang.reflect.Constructor.newInstance(Constructor.java:423)
	at org.openqa.selenium.remote.ErrorHandler.createThrowable(ErrorHandler.java:215)
	at org.openqa.selenium.remote.ErrorHandler.throwIfResponseFailed(ErrorHandler.java:167)
	at org.openqa.selenium.remote.RemoteWebDriver.execute(RemoteWebDriver.java:671)
	at org.openqa.selenium.remote.RemoteWebDriver.findElement(RemoteWebDriver.java:410)
	at org.openqa.selenium.remote.RemoteWebDriver.findElementByName(RemoteWebDriver.java:485)
	at org.openqa.selenium.By$ByName.findElement(By.java:303)
	at org.openqa.selenium.remote.RemoteWebDriver.findElement(RemoteWebDriver.java:402)
	at PageObjects.Page_Login.getUserName(Page_Login.java:29)
	at PageObjects.Page_Login.Login(Page_Login.java:43)
	at stepDefinition.Steps_Login.Login(Steps_Login.java:28)
	at ✽.When I enter valid "admin" and "admin"(Feature_ManageUsers.feature:100)
</pre></div>
					</li>
					<li test-id='302' class='node then skip' status='skip'><b>Then</b>
						<span class="bdd-step-name">Then I should be able see "Admin, eHour" on Welcome Page</span>
							<div class='pre'>skipped</div>
					</li>
					<li test-id='303' class='node when skip' status='skip'><b>When</b>
						<span class="bdd-step-name">When I select menu item "Users"</span>
							<div class='pre'>skipped</div>
					</li>
					<li test-id='304' class='node then skip' status='skip'><b>Then</b>
						<span class="bdd-step-name">Then Page Header must display "User management"</span>
							<div class='pre'>skipped</div>
					</li>
					<li test-id='305' class='node when skip' status='skip'><b>When</b>
						<span class="bdd-step-name">When I add a new user with the following details if non existent</span>
							<div class='pre'><table><tr><td>Username</td><td>FirstName</td><td>LastName</td><td>Email</td><td>Password</td><td>ConfirmPassword</td><td>Department</td><td>UserRoles</td><td>Active</td><td>AssignToProjectAfterSave</td><td>Country</td><td>Location</td><td>EmployeeType</td><td>TimesheetApprover</td></tr><tr><td>testuser</td><td>test</td><td>user</td><td>tuser@nisum.com</td><td>Nisum123</td><td>Nisum123</td><td>Offshore</td><td>User</td><td>true</td><td>false</td><td>India</td><td>Hydrabad</td><td>Adroit</td><td>Parekh, Malav Ashokkumar</td></tr></table></div>
							<div class='pre'>skipped</div>
					</li>
					<li test-id='306' class='node when skip' status='skip'><b>When</b>
						<span class="bdd-step-name">When I edit a user with the following details</span>
							<div class='pre'><table><tr><td>Username</td><td>FirstName</td><td>LastName</td><td>Email</td><td>Password</td><td>ConfirmPassword</td><td>Department</td><td>UserRoles</td><td>Active</td><td>Country</td><td>Location</td><td>EmployeeType</td><td>TimesheetApprover</td></tr><tr><td>testuser</td><td></td><td></td><td></td><td>Nisum$123</td><td>Nisum$123</td><td></td><td></td><td>true</td><td></td><td></td><td>Nisum</td><td></td></tr></table></div>
							<div class='pre'>skipped</div>
					</li>
					<li test-id='307' class='node when skip' status='skip'><b>When</b>
						<span class="bdd-step-name">When I logout from eHour</span>
							<div class='pre'>skipped</div>
					</li>
					<li test-id='308' class='node then skip' status='skip'><b>Then</b>
						<span class="bdd-step-name">Then I am successfully logged out</span>
						<ul class='screenshots right'>
							<li><a data-featherlight="image" href="errorScreenshots/2017-07-28-16-22-17.jpg"><i class='material-icons'>panorama</i></a></li>
						</ul>
							<div class='pre'>skipped</div>
					</li>
				</ul>
		</li>
	</ul>
</div>
					</div>
				</li>
				
				
				<li class='test displayed active has-leaf fail' status='fail' bdd='true' test-id='309'>
					<div class='test-heading'>
						<span class='test-name'>Single SignOn</span>
						<span class='test-time'>Jul 28, 2017 04:22:17 PM</span>
						<span class='test-status right fail'>fail</span>
					</div>
					<div class='test-content hide'>
<div class='scenariooutline node' test-id='310' status='fail'>
	<span class='duration right label'>0h 1m 20s+455ms</span>
	<div class='desc'>
		<b>ScenarioOutline</b>
		<span class="desc-text">Verify the Single Sign On is working for Google+ through e-hour</span>
	</div>
	<ul class='steps'>
		<li test-id='311' class='node scenario fail' status='fail'>
			<div class='category-list'>
				<span class='category label white-text'>@FeatureSingleSignOn</span>
				<span class='category label white-text'>@ScenarioSingleSignOn</span>
			</div>
			
			<b>Scenario</b>
			
			<span class="bdd-step-name">Verify the Single Sign On is working for Google+ through e-hour</span>
			
				<ul class='steps'>
					<li test-id='312' class='node given pass' status='pass'><b>Given</b>
						<span class="bdd-step-name">Given Open "chrome" and launch google</span>
							<div class='pre'>passed</div>
					</li>
					<li test-id='313' class='node when pass' status='pass'><b>When</b>
						<span class="bdd-step-name">When I login to google with username "ehoursupport@nisum.com" and password "ehour@123"</span>
							<div class='pre'>passed</div>
					</li>
					<li test-id='314' class='node and pass' status='pass'><b>And</b>
						<span class="bdd-step-name">And I load eHour Application Home Page</span>
							<div class='pre'>passed</div>
					</li>
					<li test-id='315' class='node when fail' status='fail'><b>When</b>
						<span class="bdd-step-name">When I login to eHour using Single Signon as "ehoursupport@nisum.com"</span>
							<div class='pre'><pre>java.lang.NullPointerException
	at PageObjects.Page_Login.SSOLogin(Page_Login.java:138)
	at stepDefinition.Steps_Login.i_login_to_eHour_using_Single_Signon_as(Steps_Login.java:103)
	at ✽.When I login to eHour using Single Signon as "ehoursupport@nisum.com"(Feature_SSO.feature:10)
</pre></div>
					</li>
					<li test-id='316' class='node then skip' status='skip'><b>Then</b>
						<span class="bdd-step-name">Then I should be able see "Support, eHour" on Welcome Page</span>
							<div class='pre'>skipped</div>
					</li>
					<li test-id='317' class='node and skip' status='skip'><b>And</b>
						<span class="bdd-step-name">And I am navigated to Timesheet page</span>
							<div class='pre'>skipped</div>
					</li>
					<li test-id='318' class='node when skip' status='skip'><b>When</b>
						<span class="bdd-step-name">When I logout from eHour</span>
							<div class='pre'>skipped</div>
					</li>
					<li test-id='319' class='node then skip' status='skip'><b>Then</b>
						<span class="bdd-step-name">Then I am successfully logged out</span>
						<ul class='screenshots right'>
							<li><a data-featherlight="image" href="errorScreenshots/2017-07-28-16-23-38.jpg"><i class='material-icons'>panorama</i></a></li>
						</ul>
							<div class='pre'>skipped</div>
					</li>
				</ul>
		</li>
	</ul>
</div>
<div class='scenariooutline node' test-id='320' status='fail'>
	<span class='duration right label'>0h 0m 31s+114ms</span>
	<div class='desc'>
		<b>ScenarioOutline</b>
		<span class="desc-text">Verify the Single Sign On for Inactive user</span>
	</div>
	<ul class='steps'>
		<li test-id='321' class='node scenario fail' status='fail'>
			<div class='category-list'>
				<span class='category label white-text'>@FeatureSingleSignOn</span>
				<span class='category label white-text'>@ScenarioInactiveUserSingleSignOn</span>
			</div>
			
			<b>Scenario</b>
			
			<span class="bdd-step-name">Verify the Single Sign On for Inactive user</span>
			
				<ul class='steps'>
					<li test-id='322' class='node given pass' status='pass'><b>Given</b>
						<span class="bdd-step-name">Given Open "chrome" and start application</span>
							<div class='pre'>passed</div>
					</li>
					<li test-id='323' class='node when fail' status='fail'><b>When</b>
						<span class="bdd-step-name">When I enter valid "admin" and "admin"</span>
							<div class='pre'><pre>org.openqa.selenium.NoSuchElementException: no such element: Unable to locate element: {"method":"name","selector":"username"}
  (Session info: chrome=59.0.3071.115)
  (Driver info: chromedriver=2.29.461585 (0be2cd95f834e9ee7c46bcc7cf405b483f5ae83b),platform=Mac OS X 10.12.3 x86_64) (WARNING: The server did not provide any stacktrace information)
Command duration or timeout: 30.03 seconds
For documentation on this error, please visit: http://seleniumhq.org/exceptions/no_such_element.html
Build info: version: '3.4.0', revision: 'unknown', time: 'unknown'
System info: host: 'Malav.local', ip: 'fe80:0:0:0:18b8:8fda:ae60:d4d9%en0', os.name: 'Mac OS X', os.arch: 'x86_64', os.version: '10.12.3', java.version: '1.8.0_121'
Driver info: org.openqa.selenium.chrome.ChromeDriver
Capabilities [{applicationCacheEnabled=false, rotatable=false, mobileEmulationEnabled=false, networkConnectionEnabled=false, chrome={chromedriverVersion=2.29.461585 (0be2cd95f834e9ee7c46bcc7cf405b483f5ae83b), userDataDir=/var/folders/l8/b9lpsxmd6sqghzg1l43rl32c0000gp/T/.org.chromium.Chromium.MrJH5S}, takesHeapSnapshot=true, pageLoadStrategy=normal, databaseEnabled=false, handlesAlerts=true, hasTouchScreen=false, version=59.0.3071.115, platform=MAC, browserConnectionEnabled=false, nativeEvents=true, acceptSslCerts=true, locationContextEnabled=true, webStorageEnabled=true, browserName=chrome, takesScreenshot=true, javascriptEnabled=true, cssSelectorsEnabled=true, unexpectedAlertBehaviour=}]
Session ID: 9654cafaeee1fb5916cb4db6ef298583
*** Element info: {Using=name, value=username}
	at sun.reflect.GeneratedConstructorAccessor16.newInstance(Unknown Source)
	at sun.reflect.DelegatingConstructorAccessorImpl.newInstance(DelegatingConstructorAccessorImpl.java:45)
	at java.lang.reflect.Constructor.newInstance(Constructor.java:423)
	at org.openqa.selenium.remote.ErrorHandler.createThrowable(ErrorHandler.java:215)
	at org.openqa.selenium.remote.ErrorHandler.throwIfResponseFailed(ErrorHandler.java:167)
	at org.openqa.selenium.remote.RemoteWebDriver.execute(RemoteWebDriver.java:671)
	at org.openqa.selenium.remote.RemoteWebDriver.findElement(RemoteWebDriver.java:410)
	at org.openqa.selenium.remote.RemoteWebDriver.findElementByName(RemoteWebDriver.java:485)
	at org.openqa.selenium.By$ByName.findElement(By.java:303)
	at org.openqa.selenium.remote.RemoteWebDriver.findElement(RemoteWebDriver.java:402)
	at PageObjects.Page_Login.getUserName(Page_Login.java:29)
	at PageObjects.Page_Login.Login(Page_Login.java:43)
	at stepDefinition.Steps_Login.Login(Steps_Login.java:28)
	at ✽.When I enter valid "admin" and "admin"(Feature_SSO.feature:47)
</pre></div>
					</li>
					<li test-id='324' class='node then skip' status='skip'><b>Then</b>
						<span class="bdd-step-name">Then I should be able see "Admin, eHour" on Welcome Page</span>
							<div class='pre'>skipped</div>
					</li>
					<li test-id='325' class='node when skip' status='skip'><b>When</b>
						<span class="bdd-step-name">When I select menu item "Users"</span>
							<div class='pre'>skipped</div>
					</li>
					<li test-id='326' class='node then skip' status='skip'><b>Then</b>
						<span class="bdd-step-name">Then Page Header must display "User management"</span>
							<div class='pre'>skipped</div>
					</li>
					<li test-id='327' class='node when skip' status='skip'><b>When</b>
						<span class="bdd-step-name">When I set Show Inactive flag to "true"</span>
							<div class='pre'>skipped</div>
					</li>
					<li test-id='328' class='node when skip' status='skip'><b>When</b>
						<span class="bdd-step-name">When I edit a user with the following details</span>
							<div class='pre'><table><tr><td>Username</td><td>FirstName</td><td>LastName</td><td>Email</td><td>Password</td><td>ConfirmPassword</td><td>Department</td><td>UserRoles</td><td>Active</td><td>Country</td><td>Location</td><td>EmployeeType</td></tr><tr><td>ehoursupport</td><td></td><td></td><td></td><td></td><td></td><td></td><td></td><td>false</td><td></td><td></td><td>Nisum</td></tr></table></div>
							<div class='pre'>skipped</div>
					</li>
					<li test-id='329' class='node when skip' status='skip'><b>When</b>
						<span class="bdd-step-name">When I logout from eHour</span>
							<div class='pre'>skipped</div>
					</li>
					<li test-id='330' class='node then skip' status='skip'><b>Then</b>
						<span class="bdd-step-name">Then I am successfully logged out</span>
							<div class='pre'>skipped</div>
					</li>
					<li test-id='331' class='node given skip' status='skip'><b>Given</b>
						<span class="bdd-step-name">Given Open "chrome" and launch google</span>
							<div class='pre'>skipped</div>
					</li>
					<li test-id='332' class='node when skip' status='skip'><b>When</b>
						<span class="bdd-step-name">When I login to google with username "ehoursupport@nisum.com" and password "ehour@123"</span>
							<div class='pre'>skipped</div>
					</li>
					<li test-id='333' class='node and skip' status='skip'><b>And</b>
						<span class="bdd-step-name">And I load eHour Application Home Page</span>
							<div class='pre'>skipped</div>
					</li>
					<li test-id='334' class='node when skip' status='skip'><b>When</b>
						<span class="bdd-step-name">When I login to eHour using Single Signon as "ehoursupport@nisum.com"</span>
							<div class='pre'>skipped</div>
					</li>
					<li test-id='335' class='node then skip' status='skip'><b>Then</b>
						<span class="bdd-step-name">Then I should see the error "incorrect username and password combination"</span>
							<div class='pre'>skipped</div>
					</li>
					<li test-id='336' class='node given skip' status='skip'><b>Given</b>
						<span class="bdd-step-name">Given Open "chrome" and start application</span>
							<div class='pre'>skipped</div>
					</li>
					<li test-id='337' class='node when skip' status='skip'><b>When</b>
						<span class="bdd-step-name">When I enter valid "admin" and "admin"</span>
							<div class='pre'>skipped</div>
					</li>
					<li test-id='338' class='node then skip' status='skip'><b>Then</b>
						<span class="bdd-step-name">Then I should be able see "Admin, eHour" on Welcome Page</span>
							<div class='pre'>skipped</div>
					</li>
					<li test-id='339' class='node when skip' status='skip'><b>When</b>
						<span class="bdd-step-name">When I select menu item "Users"</span>
							<div class='pre'>skipped</div>
					</li>
					<li test-id='340' class='node then skip' status='skip'><b>Then</b>
						<span class="bdd-step-name">Then Page Header must display "User management"</span>
							<div class='pre'>skipped</div>
					</li>
					<li test-id='341' class='node when skip' status='skip'><b>When</b>
						<span class="bdd-step-name">When I set Show Inactive flag to "true"</span>
							<div class='pre'>skipped</div>
					</li>
					<li test-id='342' class='node when skip' status='skip'><b>When</b>
						<span class="bdd-step-name">When I edit a user with the following details</span>
							<div class='pre'><table><tr><td>Username</td><td>FirstName</td><td>LastName</td><td>Email</td><td>Password</td><td>ConfirmPassword</td><td>Department</td><td>UserRoles</td><td>Active</td><td>Country</td><td>Location</td><td>EmployeeType</td></tr><tr><td>ehoursupport</td><td></td><td></td><td></td><td></td><td></td><td></td><td></td><td>true</td><td></td><td></td><td>Nisum</td></tr></table></div>
							<div class='pre'>skipped</div>
					</li>
					<li test-id='343' class='node when skip' status='skip'><b>When</b>
						<span class="bdd-step-name">When I logout from eHour</span>
							<div class='pre'>skipped</div>
					</li>
					<li test-id='344' class='node then skip' status='skip'><b>Then</b>
						<span class="bdd-step-name">Then I am successfully logged out</span>
							<div class='pre'>skipped</div>
					</li>
					<li test-id='345' class='node given skip' status='skip'><b>Given</b>
						<span class="bdd-step-name">Given Open "chrome" and launch google</span>
							<div class='pre'>skipped</div>
					</li>
					<li test-id='346' class='node then skip' status='skip'><b>Then</b>
						<span class="bdd-step-name">Then I am successfully logged out from Google</span>
							<div class='pre'>skipped</div>
					</li>
					<li test-id='347' class='node when skip' status='skip'><b>When</b>
						<span class="bdd-step-name">When I login to google with username "ehoursupport@nisum.com" and password "ehour@123"</span>
							<div class='pre'>skipped</div>
					</li>
					<li test-id='348' class='node and skip' status='skip'><b>And</b>
						<span class="bdd-step-name">And I load eHour Application Home Page</span>
							<div class='pre'>skipped</div>
					</li>
					<li test-id='349' class='node when skip' status='skip'><b>When</b>
						<span class="bdd-step-name">When I login to eHour using Single Signon as "ehoursupport@nisum.com"</span>
							<div class='pre'>skipped</div>
					</li>
					<li test-id='350' class='node then skip' status='skip'><b>Then</b>
						<span class="bdd-step-name">Then I should be able see "Support, eHour" on Welcome Page</span>
							<div class='pre'>skipped</div>
					</li>
					<li test-id='351' class='node when skip' status='skip'><b>When</b>
						<span class="bdd-step-name">When I logout from eHour</span>
							<div class='pre'>skipped</div>
					</li>
					<li test-id='352' class='node then skip' status='skip'><b>Then</b>
						<span class="bdd-step-name">Then I am successfully logged out</span>
						<ul class='screenshots right'>
							<li><a data-featherlight="image" href="errorScreenshots/2017-07-28-16-24-09.jpg"><i class='material-icons'>panorama</i></a></li>
						</ul>
							<div class='pre'>skipped</div>
					</li>
				</ul>
		</li>
	</ul>
</div>
					</div>
				</li>
				
				
				<li class='test displayed active has-leaf fail' status='fail' bdd='true' test-id='353'>
					<div class='test-heading'>
						<span class='test-name'>Fill Timesheet Feature</span>
						<span class='test-time'>Jul 28, 2017 04:24:10 PM</span>
						<span class='test-status right fail'>fail</span>
					</div>
					<div class='test-content hide'>
<div class='scenariooutline node' test-id='354' status='fail'>
	<span class='duration right label'>0h 0m 31s+117ms</span>
	<div class='desc'>
		<b>ScenarioOutline</b>
		<span class="desc-text">User fills timesheet</span>
	</div>
	<ul class='steps'>
		<li test-id='355' class='node scenario fail' status='fail'>
			<div class='category-list'>
				<span class='category label white-text'>@FillTimesheet</span>
			</div>
			
			<b>Scenario</b>
			
			<span class="bdd-step-name">User fills timesheet</span>
			
				<ul class='steps'>
					<li test-id='356' class='node given pass' status='pass'><b>Given</b>
						<span class="bdd-step-name">Given Open "chrome" and start application</span>
							<div class='pre'>passed</div>
					</li>
					<li test-id='357' class='node when fail' status='fail'><b>When</b>
						<span class="bdd-step-name">When I enter valid "mparekh" and "test$123"</span>
							<div class='pre'><pre>org.openqa.selenium.NoSuchElementException: no such element: Unable to locate element: {"method":"name","selector":"username"}
  (Session info: chrome=59.0.3071.115)
  (Driver info: chromedriver=2.29.461585 (0be2cd95f834e9ee7c46bcc7cf405b483f5ae83b),platform=Mac OS X 10.12.3 x86_64) (WARNING: The server did not provide any stacktrace information)
Command duration or timeout: 30.06 seconds
For documentation on this error, please visit: http://seleniumhq.org/exceptions/no_such_element.html
Build info: version: '3.4.0', revision: 'unknown', time: 'unknown'
System info: host: 'Malav.local', ip: 'fe80:0:0:0:18b8:8fda:ae60:d4d9%en0', os.name: 'Mac OS X', os.arch: 'x86_64', os.version: '10.12.3', java.version: '1.8.0_121'
Driver info: org.openqa.selenium.chrome.ChromeDriver
Capabilities [{applicationCacheEnabled=false, rotatable=false, mobileEmulationEnabled=false, networkConnectionEnabled=false, chrome={chromedriverVersion=2.29.461585 (0be2cd95f834e9ee7c46bcc7cf405b483f5ae83b), userDataDir=/var/folders/l8/b9lpsxmd6sqghzg1l43rl32c0000gp/T/.org.chromium.Chromium.V6gh5c}, takesHeapSnapshot=true, pageLoadStrategy=normal, databaseEnabled=false, handlesAlerts=true, hasTouchScreen=false, version=59.0.3071.115, platform=MAC, browserConnectionEnabled=false, nativeEvents=true, acceptSslCerts=true, locationContextEnabled=true, webStorageEnabled=true, browserName=chrome, takesScreenshot=true, javascriptEnabled=true, cssSelectorsEnabled=true, unexpectedAlertBehaviour=}]
Session ID: c56aded96289b7f43192420a48a0a225
*** Element info: {Using=name, value=username}
	at sun.reflect.GeneratedConstructorAccessor16.newInstance(Unknown Source)
	at sun.reflect.DelegatingConstructorAccessorImpl.newInstance(DelegatingConstructorAccessorImpl.java:45)
	at java.lang.reflect.Constructor.newInstance(Constructor.java:423)
	at org.openqa.selenium.remote.ErrorHandler.createThrowable(ErrorHandler.java:215)
	at org.openqa.selenium.remote.ErrorHandler.throwIfResponseFailed(ErrorHandler.java:167)
	at org.openqa.selenium.remote.RemoteWebDriver.execute(RemoteWebDriver.java:671)
	at org.openqa.selenium.remote.RemoteWebDriver.findElement(RemoteWebDriver.java:410)
	at org.openqa.selenium.remote.RemoteWebDriver.findElementByName(RemoteWebDriver.java:485)
	at org.openqa.selenium.By$ByName.findElement(By.java:303)
	at org.openqa.selenium.remote.RemoteWebDriver.findElement(RemoteWebDriver.java:402)
	at PageObjects.Page_Login.getUserName(Page_Login.java:29)
	at PageObjects.Page_Login.Login(Page_Login.java:43)
	at stepDefinition.Steps_Login.Login(Steps_Login.java:28)
	at ✽.When I enter valid "mparekh" and "test$123"(Feature_Timesheets.feature:6)
</pre></div>
					</li>
					<li test-id='358' class='node then skip' status='skip'><b>Then</b>
						<span class="bdd-step-name">Then I should be able see "Parekh, Malav Ashokkumar" on Welcome Page</span>
							<div class='pre'>skipped</div>
					</li>
					<li test-id='359' class='node and skip' status='skip'><b>And</b>
						<span class="bdd-step-name">And I am navigated to Timesheet page</span>
							<div class='pre'>skipped</div>
					</li>
					<li test-id='360' class='node when skip' status='skip'><b>When</b>
						<span class="bdd-step-name">When I enter Timesheet Data under Account "Nisum Non-Billable" as follows</span>
							<div class='pre'><table><tr><td>Project</td><td>Sun</td><td>Mon</td><td>Tue</td><td>Wed</td><td>Thu</td><td>Fri</td><td>Sat</td></tr><tr><td>PTO</td><td>3</td><td>3</td><td>3</td><td>3</td><td>3</td><td>3</td><td>3</td></tr><tr><td>Reserved</td><td>3</td><td>3</td><td>3</td><td>3</td><td>3</td><td>3</td><td>3</td></tr><tr><td>shadow</td><td>3</td><td>3</td><td>3</td><td>3</td><td>3</td><td>3</td><td>3</td></tr><tr><td>Unassigned</td><td>3</td><td>3</td><td>3</td><td>3</td><td>3</td><td>3</td><td>3</td></tr><tr><td>Education</td><td>3</td><td>3</td><td>3</td><td>3</td><td>3</td><td>3</td><td>3</td></tr><tr><td>Meeting&Events</td><td>3</td><td>3</td><td>3</td><td>3</td><td>3</td><td>3</td><td>3</td></tr><tr><td>Interviews</td><td>3</td><td>3</td><td>3</td><td>3</td><td>3</td><td>3</td><td>3</td></tr></table></div>
							<div class='pre'>skipped</div>
					</li>
					<li test-id='361' class='node and skip' status='skip'><b>And</b>
						<span class="bdd-step-name">And I enter the comment "I am working on Automation"</span>
							<div class='pre'>skipped</div>
					</li>
					<li test-id='362' class='node when skip' status='skip'><b>When</b>
						<span class="bdd-step-name">When I store the Timesheet Data</span>
							<div class='pre'>skipped</div>
					</li>
					<li test-id='363' class='node when skip' status='skip'><b>When</b>
						<span class="bdd-step-name">When I logout from eHour</span>
							<div class='pre'>skipped</div>
					</li>
					<li test-id='364' class='node then skip' status='skip'><b>Then</b>
						<span class="bdd-step-name">Then I am successfully logged out</span>
							<div class='pre'>skipped</div>
					</li>
					<li test-id='365' class='node when skip' status='skip'><b>When</b>
						<span class="bdd-step-name">When I enter valid "mparekh" and "test$123"</span>
							<div class='pre'>skipped</div>
					</li>
					<li test-id='366' class='node then skip' status='skip'><b>Then</b>
						<span class="bdd-step-name">Then I should be able see "Parekh, Malav Ashokkumar" on Welcome Page</span>
							<div class='pre'>skipped</div>
					</li>
					<li test-id='367' class='node and skip' status='skip'><b>And</b>
						<span class="bdd-step-name">And I am navigated to Timesheet page</span>
							<div class='pre'>skipped</div>
					</li>
					<li test-id='368' class='node then skip' status='skip'><b>Then</b>
						<span class="bdd-step-name">Then the Timesheet Data under Account "Nisum Non-Billable" is stored as follows</span>
							<div class='pre'><table><tr><td>Project</td><td>Sun</td><td>Mon</td><td>Tue</td><td>Wed</td><td>Thu</td><td>Fri</td><td>Sat</td></tr><tr><td>PTO</td><td>3</td><td>3</td><td>3</td><td>3</td><td>3</td><td>3</td><td>3</td></tr><tr><td>Reserved</td><td>3</td><td>3</td><td>3</td><td>3</td><td>3</td><td>3</td><td>3</td></tr><tr><td>shadow</td><td>3</td><td>3</td><td>3</td><td>3</td><td>3</td><td>3</td><td>3</td></tr><tr><td>Unassigned</td><td>3</td><td>3</td><td>3</td><td>3</td><td>3</td><td>3</td><td>3</td></tr><tr><td>Education</td><td>3</td><td>3</td><td>3</td><td>3</td><td>3</td><td>3</td><td>3</td></tr><tr><td>Meeting&Events</td><td>3</td><td>3</td><td>3</td><td>3</td><td>3</td><td>3</td><td>3</td></tr><tr><td>Interviews</td><td>3</td><td>3</td><td>3</td><td>3</td><td>3</td><td>3</td><td>3</td></tr></table></div>
							<div class='pre'>skipped</div>
					</li>
					<li test-id='369' class='node and skip' status='skip'><b>And</b>
						<span class="bdd-step-name">And the retrieved comment is "I am working on Automation"</span>
							<div class='pre'>skipped</div>
					</li>
					<li test-id='370' class='node then skip' status='skip'><b>Then</b>
						<span class="bdd-step-name">Then I remove the filled timesheet again to delete the user and click on save</span>
							<div class='pre'><table><tr><td>PTO</td><td>3</td><td>3</td><td>3</td><td>3</td><td>3</td><td>3</td><td>3</td></tr><tr><td>Reserved</td><td>3</td><td>3</td><td>3</td><td>3</td><td>3</td><td>3</td><td>3</td></tr><tr><td>shadow</td><td>3</td><td>3</td><td>3</td><td>3</td><td>3</td><td>3</td><td>3</td></tr><tr><td>Unassigned</td><td>3</td><td>3</td><td>3</td><td>3</td><td>3</td><td>3</td><td>3</td></tr><tr><td>Education</td><td>3</td><td>3</td><td>3</td><td>3</td><td>3</td><td>3</td><td>3</td></tr><tr><td>Meeting&Events</td><td>3</td><td>3</td><td>3</td><td>3</td><td>3</td><td>3</td><td>3</td></tr><tr><td>Interviews</td><td>3</td><td>3</td><td>3</td><td>3</td><td>3</td><td>3</td><td>3</td></tr></table></div>
							<div class='pre'>skipped</div>
					</li>
					<li test-id='371' class='node when skip' status='skip'><b>When</b>
						<span class="bdd-step-name">When I logout from eHour</span>
							<div class='pre'>skipped</div>
					</li>
					<li test-id='372' class='node then skip' status='skip'><b>Then</b>
						<span class="bdd-step-name">Then I am successfully logged out</span>
						<ul class='screenshots right'>
							<li><a data-featherlight="image" href="errorScreenshots/2017-07-28-16-24-41.jpg"><i class='material-icons'>panorama</i></a></li>
						</ul>
							<div class='pre'>skipped</div>
					</li>
				</ul>
		</li>
	</ul>
</div>
					</div>
				</li>
			</ul>
		</div>
	</div>
	<!-- subview left -->

	<div class='subview-right left'>
		<div class='view-summary'>
			<h5 class='test-name'></h5>

			<div id='step-filters' class="right">
				<span class="blue-text" status="info" alt="info" title="info"><i class="material-icons">info_outline</i></span>
				<span class="green-text" status="pass" alt="pass" title="pass"><i class="material-icons">check_circle</i></span>
				<span class="red-text" status="fail" alt="fail" title="fail"><i class="material-icons">cancel</i></span>
				<span class="red-text text-darken-4" status="fatal" alt="fatal" title="fatal"><i class="material-icons">cancel</i></span>
				<span class="pink-text text-lighten-1" status="error" alt="error" title="error"><i class="material-icons">error</i></span>
				<span class="orange-text" alt="warning" status="warning" title="warning"><i class="material-icons">warning</i></span>
				<span class="teal-text" status="skip" alt="skip" title="skip"><i class="material-icons">redo</i></span>
				<span status="clear" alt="Clear filters" title="Clear filters"><i class="material-icons">clear</i></span>
			</div>
		</div>
	</div>
	<!-- subview right -->

</div>
<!-- test view -->
<div id='category-view' class='view hide'>

	<section id='controls'>
		<div class='controls grey lighten-4'>
			<!-- search -->
			<div class='chip transparent' alt='Search Tests' title='Search Tests'>
				<a href="#" class='search-div'>
					<i class='material-icons'>search</i> Search
				</a>
				
				<div class='input-field left hide'>
					<input id='search-tests' type='text' class='validate browser-default' placeholder='Search Tests...'>
				</div>
				
			</div>
			<!-- search -->
		</div>
	</section>

	<div class='subview-left left'>
		
		<div class='view-summary'>
			<h5>Categories</h3>
			<ul id='category-collection' class='category-collection'>
				
				<li class='category displayed active'>
					<div class='category-heading'>
						<span class='category-name'>@TimeSheetApproval</span>
						<span class='category-status right'>
							<span class='label fail'>1</span>
						</span>
					</div>
					<div class='category-content hide'>
						<div class='category-status-counts'>
							
							<span class='label red lighten-1 white-text'>Failed: 1</span>
							
						</div>
					
						<div class='category-tests'>
							<table class='bordered table-results'>
								<thead>
									<tr>
										<th>Timestamp</th>
										<th>TestName</th>
										<th>Status</th>
									</tr>
								</thead>
								<tbody>
									<tr>
										<td>Jul 28, 2017 02:47:51 PM</td>
										<td class='linked' test-id='3'>Time Sheet Approval.Time Sheet Approver.Time Sheet Approver</td>
										<td><span class='test-status fail'>fail</span></td>
									</tr>
								</tbody>
							</table>
						</div>
					</div>
				</li>
				<li class='category displayed active'>
					<div class='category-heading'>
						<span class='category-name'>@AssignProjectAfterSave</span>
						<span class='category-status right'>
							<span class='label fail'>1</span>
						</span>
					</div>
					<div class='category-content hide'>
						<div class='category-status-counts'>
							
							<span class='label red lighten-1 white-text'>Failed: 1</span>
							
						</div>
					
						<div class='category-tests'>
							<table class='bordered table-results'>
								<thead>
									<tr>
										<th>Timestamp</th>
										<th>TestName</th>
										<th>Status</th>
									</tr>
								</thead>
								<tbody>
									<tr>
										<td>Jul 28, 2017 02:49:07 PM</td>
										<td class='linked' test-id='88'>Assign To Project After Save.Assign To Project After Save.Assign To Project After Save</td>
										<td><span class='test-status fail'>fail</span></td>
									</tr>
								</tbody>
							</table>
						</div>
					</div>
				</li>
				<li class='category displayed active'>
					<div class='category-heading'>
						<span class='category-name'>@FeatureAssignment</span>
						<span class='category-status right'>
							<span class='label fail'>2</span>
						</span>
					</div>
					<div class='category-content hide'>
						<div class='category-status-counts'>
							
							<span class='label red lighten-1 white-text'>Failed: 2</span>
							
						</div>
					
						<div class='category-tests'>
							<table class='bordered table-results'>
								<thead>
									<tr>
										<th>Timestamp</th>
										<th>TestName</th>
										<th>Status</th>
									</tr>
								</thead>
								<tbody>
									<tr>
										<td>Jul 28, 2017 03:01:52 PM</td>
										<td class='linked' test-id='117'>Assigning Users to Projects</td>
										<td><span class='test-status fail'>fail</span></td>
									</tr>
									<tr>
										<td>Jul 28, 2017 03:01:52 PM</td>
										<td class='linked' test-id='119'>Assigning Users to Projects.Create Users and assign them to project.Create Users and assign them to project</td>
										<td><span class='test-status fail'>fail</span></td>
									</tr>
								</tbody>
							</table>
						</div>
					</div>
				</li>
				<li class='category displayed active'>
					<div class='category-heading'>
						<span class='category-name'>@ProjectAssignment</span>
						<span class='category-status right'>
							<span class='label fail'>2</span>
						</span>
					</div>
					<div class='category-content hide'>
						<div class='category-status-counts'>
							
							<span class='label red lighten-1 white-text'>Failed: 2</span>
							
						</div>
					
						<div class='category-tests'>
							<table class='bordered table-results'>
								<thead>
									<tr>
										<th>Timestamp</th>
										<th>TestName</th>
										<th>Status</th>
									</tr>
								</thead>
								<tbody>
									<tr>
										<td>Jul 28, 2017 03:01:52 PM</td>
										<td class='linked' test-id='119'>Assigning Users to Projects.Create Users and assign them to project.Create Users and assign them to project</td>
										<td><span class='test-status fail'>fail</span></td>
									</tr>
									<tr>
										<td>Jul 28, 2017 03:03:54 PM</td>
										<td class='linked' test-id='145'>Assigning a date based project to the user.Create Users and assign them to project I want to create a user, assign a date based project to the user and verify if the same is reflecting on the user account.Create Users and assign them to project I want to create a user, assign a date based project to the user and verify if the same is reflecting on the user account</td>
										<td><span class='test-status fail'>fail</span></td>
									</tr>
								</tbody>
							</table>
						</div>
					</div>
				</li>
				<li class='category displayed active'>
					<div class='category-heading'>
						<span class='category-name'>@CRUDDepartments</span>
						<span class='category-status right'>
							<span class='label pass'>1</span>
						</span>
					</div>
					<div class='category-content hide'>
						<div class='category-status-counts'>
							<span class='label green accent-4 white-text'>Passed: 1</span>
							
							
						</div>
					
						<div class='category-tests'>
							<table class='bordered table-results'>
								<thead>
									<tr>
										<th>Timestamp</th>
										<th>TestName</th>
										<th>Status</th>
									</tr>
								</thead>
								<tbody>
									<tr>
										<td>Jul 28, 2017 03:12:20 PM</td>
										<td class='linked' test-id='170'>Create, Update, Delete Departments.Create Update Delete Departments.Create Update Delete Departments</td>
										<td><span class='test-status pass'>pass</span></td>
									</tr>
								</tbody>
							</table>
						</div>
					</div>
				</li>
				<li class='category displayed active'>
					<div class='category-heading'>
						<span class='category-name'>@Edit_timesheets_on_behalf_of_other_employee</span>
						<span class='category-status right'>
							<span class='label fail'>2</span>
						</span>
					</div>
					<div class='category-content hide'>
						<div class='category-status-counts'>
							
							<span class='label red lighten-1 white-text'>Failed: 2</span>
							
						</div>
					
						<div class='category-tests'>
							<table class='bordered table-results'>
								<thead>
									<tr>
										<th>Timestamp</th>
										<th>TestName</th>
										<th>Status</th>
									</tr>
								</thead>
								<tbody>
									<tr>
										<td>Jul 28, 2017 03:32:33 PM</td>
										<td class='linked' test-id='182'>Edit time sheets for other employees</td>
										<td><span class='test-status fail'>fail</span></td>
									</tr>
									<tr>
										<td>Jul 28, 2017 03:32:33 PM</td>
										<td class='linked' test-id='184'>Edit time sheets for other employees.Creates an user and edit timesheets with admin rights.Creates an user and edit timesheets with admin rights</td>
										<td><span class='test-status fail'>fail</span></td>
									</tr>
								</tbody>
							</table>
						</div>
					</div>
				</li>
				<li class='category displayed active'>
					<div class='category-heading'>
						<span class='category-name'>@ClientManagement</span>
						<span class='category-status right'>
							<span class='label pass'>1</span>
						</span>
					</div>
					<div class='category-content hide'>
						<div class='category-status-counts'>
							<span class='label green accent-4 white-text'>Passed: 1</span>
							
							
						</div>
					
						<div class='category-tests'>
							<table class='bordered table-results'>
								<thead>
									<tr>
										<th>Timestamp</th>
										<th>TestName</th>
										<th>Status</th>
									</tr>
								</thead>
								<tbody>
									<tr>
										<td>Jul 28, 2017 03:34:35 PM</td>
										<td class='linked' test-id='215'>Client Management.Client - Add, Search, Delete.Client - Add, Search, Delete</td>
										<td><span class='test-status pass'>pass</span></td>
									</tr>
								</tbody>
							</table>
						</div>
					</div>
				</li>
				<li class='category displayed active'>
					<div class='category-heading'>
						<span class='category-name'>@FeatureLockedPeriodsManagement</span>
						<span class='category-status right'>
							<span class='label fail'>2</span>
						</span>
					</div>
					<div class='category-content hide'>
						<div class='category-status-counts'>
							
							<span class='label red lighten-1 white-text'>Failed: 2</span>
							
						</div>
					
						<div class='category-tests'>
							<table class='bordered table-results'>
								<thead>
									<tr>
										<th>Timestamp</th>
										<th>TestName</th>
										<th>Status</th>
									</tr>
								</thead>
								<tbody>
									<tr>
										<td>Jul 28, 2017 03:39:06 PM</td>
										<td class='linked' test-id='230'>Locked Period Management</td>
										<td><span class='test-status fail'>fail</span></td>
									</tr>
									<tr>
										<td>Jul 28, 2017 03:39:06 PM</td>
										<td class='linked' test-id='232'>Locked Period Management.Verify that locked period causes the timesheet to be locked for the given period..Verify that locked period causes the timesheet to be locked for the given period.</td>
										<td><span class='test-status fail'>fail</span></td>
									</tr>
								</tbody>
							</table>
						</div>
					</div>
				</li>
				<li class='category displayed active'>
					<div class='category-heading'>
						<span class='category-name'>@ScenarioLockedPeriodsManagement</span>
						<span class='category-status right'>
							<span class='label fail'>1</span>
						</span>
					</div>
					<div class='category-content hide'>
						<div class='category-status-counts'>
							
							<span class='label red lighten-1 white-text'>Failed: 1</span>
							
						</div>
					
						<div class='category-tests'>
							<table class='bordered table-results'>
								<thead>
									<tr>
										<th>Timestamp</th>
										<th>TestName</th>
										<th>Status</th>
									</tr>
								</thead>
								<tbody>
									<tr>
										<td>Jul 28, 2017 03:39:06 PM</td>
										<td class='linked' test-id='232'>Locked Period Management.Verify that locked period causes the timesheet to be locked for the given period..Verify that locked period causes the timesheet to be locked for the given period.</td>
										<td><span class='test-status fail'>fail</span></td>
									</tr>
								</tbody>
							</table>
						</div>
					</div>
				</li>
				<li class='category displayed active'>
					<div class='category-heading'>
						<span class='category-name'>@ProjectManagement</span>
						<span class='category-status right'>
							<span class='label fail'>1</span>
						</span>
					</div>
					<div class='category-content hide'>
						<div class='category-status-counts'>
							
							<span class='label red lighten-1 white-text'>Failed: 1</span>
							
						</div>
					
						<div class='category-tests'>
							<table class='bordered table-results'>
								<thead>
									<tr>
										<th>Timestamp</th>
										<th>TestName</th>
										<th>Status</th>
									</tr>
								</thead>
								<tbody>
									<tr>
										<td>Jul 28, 2017 03:54:02 PM</td>
										<td class='linked' test-id='259'>Project Management Feature.Project Management.Project Management</td>
										<td><span class='test-status fail'>fail</span></td>
									</tr>
								</tbody>
							</table>
						</div>
					</div>
				</li>
				<li class='category displayed active'>
					<div class='category-heading'>
						<span class='category-name'>@UserManagementFeature</span>
						<span class='category-status right'>
							<span class='label fail'>4</span>
						</span>
					</div>
					<div class='category-content hide'>
						<div class='category-status-counts'>
							
							<span class='label red lighten-1 white-text'>Failed: 4</span>
							
						</div>
					
						<div class='category-tests'>
							<table class='bordered table-results'>
								<thead>
									<tr>
										<th>Timestamp</th>
										<th>TestName</th>
										<th>Status</th>
									</tr>
								</thead>
								<tbody>
									<tr>
										<td>Jul 28, 2017 04:20:42 PM</td>
										<td class='linked' test-id='270'>User Management Feature</td>
										<td><span class='test-status fail'>fail</span></td>
									</tr>
									<tr>
										<td>Jul 28, 2017 04:20:42 PM</td>
										<td class='linked' test-id='272'>User Management Feature.Create Users.Create Users</td>
										<td><span class='test-status fail'>fail</span></td>
									</tr>
									<tr>
										<td>Jul 28, 2017 04:21:14 PM</td>
										<td class='linked' test-id='277'>User Management Feature.Create and Delete User.Create and Delete User</td>
										<td><span class='test-status fail'>fail</span></td>
									</tr>
									<tr>
										<td>Jul 28, 2017 04:21:46 PM</td>
										<td class='linked' test-id='299'>User Management Feature.Edit User.Edit User</td>
										<td><span class='test-status fail'>fail</span></td>
									</tr>
								</tbody>
							</table>
						</div>
					</div>
				</li>
				<li class='category displayed active'>
					<div class='category-heading'>
						<span class='category-name'>@CreateUsers</span>
						<span class='category-status right'>
							<span class='label fail'>1</span>
						</span>
					</div>
					<div class='category-content hide'>
						<div class='category-status-counts'>
							
							<span class='label red lighten-1 white-text'>Failed: 1</span>
							
						</div>
					
						<div class='category-tests'>
							<table class='bordered table-results'>
								<thead>
									<tr>
										<th>Timestamp</th>
										<th>TestName</th>
										<th>Status</th>
									</tr>
								</thead>
								<tbody>
									<tr>
										<td>Jul 28, 2017 04:20:42 PM</td>
										<td class='linked' test-id='272'>User Management Feature.Create Users.Create Users</td>
										<td><span class='test-status fail'>fail</span></td>
									</tr>
								</tbody>
							</table>
						</div>
					</div>
				</li>
				<li class='category displayed active'>
					<div class='category-heading'>
						<span class='category-name'>@CreateDeleteUser</span>
						<span class='category-status right'>
							<span class='label fail'>1</span>
						</span>
					</div>
					<div class='category-content hide'>
						<div class='category-status-counts'>
							
							<span class='label red lighten-1 white-text'>Failed: 1</span>
							
						</div>
					
						<div class='category-tests'>
							<table class='bordered table-results'>
								<thead>
									<tr>
										<th>Timestamp</th>
										<th>TestName</th>
										<th>Status</th>
									</tr>
								</thead>
								<tbody>
									<tr>
										<td>Jul 28, 2017 04:21:14 PM</td>
										<td class='linked' test-id='277'>User Management Feature.Create and Delete User.Create and Delete User</td>
										<td><span class='test-status fail'>fail</span></td>
									</tr>
								</tbody>
							</table>
						</div>
					</div>
				</li>
				<li class='category displayed active'>
					<div class='category-heading'>
						<span class='category-name'>@EditUser</span>
						<span class='category-status right'>
							<span class='label fail'>1</span>
						</span>
					</div>
					<div class='category-content hide'>
						<div class='category-status-counts'>
							
							<span class='label red lighten-1 white-text'>Failed: 1</span>
							
						</div>
					
						<div class='category-tests'>
							<table class='bordered table-results'>
								<thead>
									<tr>
										<th>Timestamp</th>
										<th>TestName</th>
										<th>Status</th>
									</tr>
								</thead>
								<tbody>
									<tr>
										<td>Jul 28, 2017 04:21:46 PM</td>
										<td class='linked' test-id='299'>User Management Feature.Edit User.Edit User</td>
										<td><span class='test-status fail'>fail</span></td>
									</tr>
								</tbody>
							</table>
						</div>
					</div>
				</li>
				<li class='category displayed active'>
					<div class='category-heading'>
						<span class='category-name'>@FeatureSingleSignOn</span>
						<span class='category-status right'>
							<span class='label fail'>3</span>
						</span>
					</div>
					<div class='category-content hide'>
						<div class='category-status-counts'>
							
							<span class='label red lighten-1 white-text'>Failed: 3</span>
							
						</div>
					
						<div class='category-tests'>
							<table class='bordered table-results'>
								<thead>
									<tr>
										<th>Timestamp</th>
										<th>TestName</th>
										<th>Status</th>
									</tr>
								</thead>
								<tbody>
									<tr>
										<td>Jul 28, 2017 04:22:17 PM</td>
										<td class='linked' test-id='309'>Single SignOn</td>
										<td><span class='test-status fail'>fail</span></td>
									</tr>
									<tr>
										<td>Jul 28, 2017 04:22:17 PM</td>
										<td class='linked' test-id='311'>Single SignOn.Verify the Single Sign On is working for Google+ through e-hour.Verify the Single Sign On is working for Google+ through e-hour</td>
										<td><span class='test-status fail'>fail</span></td>
									</tr>
									<tr>
										<td>Jul 28, 2017 04:23:38 PM</td>
										<td class='linked' test-id='321'>Single SignOn.Verify the Single Sign On for Inactive user.Verify the Single Sign On for Inactive user</td>
										<td><span class='test-status fail'>fail</span></td>
									</tr>
								</tbody>
							</table>
						</div>
					</div>
				</li>
				<li class='category displayed active'>
					<div class='category-heading'>
						<span class='category-name'>@ScenarioSingleSignOn</span>
						<span class='category-status right'>
							<span class='label fail'>1</span>
						</span>
					</div>
					<div class='category-content hide'>
						<div class='category-status-counts'>
							
							<span class='label red lighten-1 white-text'>Failed: 1</span>
							
						</div>
					
						<div class='category-tests'>
							<table class='bordered table-results'>
								<thead>
									<tr>
										<th>Timestamp</th>
										<th>TestName</th>
										<th>Status</th>
									</tr>
								</thead>
								<tbody>
									<tr>
										<td>Jul 28, 2017 04:22:17 PM</td>
										<td class='linked' test-id='311'>Single SignOn.Verify the Single Sign On is working for Google+ through e-hour.Verify the Single Sign On is working for Google+ through e-hour</td>
										<td><span class='test-status fail'>fail</span></td>
									</tr>
								</tbody>
							</table>
						</div>
					</div>
				</li>
				<li class='category displayed active'>
					<div class='category-heading'>
						<span class='category-name'>@ScenarioInactiveUserSingleSignOn</span>
						<span class='category-status right'>
							<span class='label fail'>1</span>
						</span>
					</div>
					<div class='category-content hide'>
						<div class='category-status-counts'>
							
							<span class='label red lighten-1 white-text'>Failed: 1</span>
							
						</div>
					
						<div class='category-tests'>
							<table class='bordered table-results'>
								<thead>
									<tr>
										<th>Timestamp</th>
										<th>TestName</th>
										<th>Status</th>
									</tr>
								</thead>
								<tbody>
									<tr>
										<td>Jul 28, 2017 04:23:38 PM</td>
										<td class='linked' test-id='321'>Single SignOn.Verify the Single Sign On for Inactive user.Verify the Single Sign On for Inactive user</td>
										<td><span class='test-status fail'>fail</span></td>
									</tr>
								</tbody>
							</table>
						</div>
					</div>
				</li>
				<li class='category displayed active'>
					<div class='category-heading'>
						<span class='category-name'>@FillTimesheet</span>
						<span class='category-status right'>
							<span class='label fail'>1</span>
						</span>
					</div>
					<div class='category-content hide'>
						<div class='category-status-counts'>
							
							<span class='label red lighten-1 white-text'>Failed: 1</span>
							
						</div>
					
						<div class='category-tests'>
							<table class='bordered table-results'>
								<thead>
									<tr>
										<th>Timestamp</th>
										<th>TestName</th>
										<th>Status</th>
									</tr>
								</thead>
								<tbody>
									<tr>
										<td>Jul 28, 2017 04:24:10 PM</td>
										<td class='linked' test-id='355'>Fill Timesheet Feature.User fills timesheet.User fills timesheet</td>
										<td><span class='test-status fail'>fail</span></td>
									</tr>
								</tbody>
							</table>
						</div>
					</div>
				</li>

			</ul>
		</div>
	</div>

	<div class='subview-right left'>
		<div class='view-summary'>
			<h5 class='category-name'></h5>
		</div>
	</div>
</div>
<!-- category view -->
<div id='exception-view' class='view hide'>

    <section id='controls'>
        <div class='controls grey lighten-4'>
            <!-- search -->
            <div class='chip transparent' alt='Search Tests' title='Search Tests'>
                <a href="#" class='search-div'>
                    <i class='material-icons'>search</i> Search
                </a>

                <div class='input-field left hide'>
                    <input id='search-tests' type='text' class='validate browser-default' placeholder='Search Tests...'>
                </div>

            </div>
            <!-- search -->
        </div>
    </section>

    <div class='subview-left left'>

        <div class='view-summary'>
            <h5>Exceptions</h3>
                <ul id='exception-collection' class='exception-collection'>

                        <li class='exception displayed active'>
                            <div class='exception-heading'>
                                <span class='exception-name'>java.lang.NullPointerException</span>
                                <span class='exception-count right'><span class='label red lighten-1 white-text'>2</span></span>
                            </div>
                            <div class='exception-content hide'>
                                <div class='exception-tests'>
                                    <table class='bordered table-results'>
                                        <thead>
                                        <tr>
                                            <th>Timestamp</th>
                                            <th>TestName</th>
                                            <th>Status</th>
                                        </tr>
                                        </thead>
                                        <tbody>
                                                    <tr>
                                                        <td>Jul 28, 2017 02:47:51 PM</td>
                                                        <td class='linked' test-id='4'>Time Sheet Approval.Time Sheet Approver.Time Sheet Approver.Given Open "remote-chrome" and start application</td>
                                                        <td><pre><textarea>java.lang.NullPointerException
	at PageObjects.Base.<init>(Base.java:163)
	at PageObjects.Page_Login.<init>(Page_Login.java:18)
	at stepDefinition.Steps_Login.OpenWebPageInBrowser(Steps_Login.java:21)
	at ✽.Given Open "remote-chrome" and start application(Feature.TimeSheetApproval.feature:5)
</textarea></pre></td>
                                                    </tr>
                                                    <tr>
                                                        <td>Jul 28, 2017 04:22:38 PM</td>
                                                        <td class='linked' test-id='315'>Single SignOn.Verify the Single Sign On is working for Google+ through e-hour.Verify the Single Sign On is working for Google+ through e-hour.When I login to eHour using Single Signon as "ehoursupport@nisum.com"</td>
                                                        <td><pre><pre>java.lang.NullPointerException
	at PageObjects.Page_Login.SSOLogin(Page_Login.java:138)
	at stepDefinition.Steps_Login.i_login_to_eHour_using_Single_Signon_as(Steps_Login.java:103)
	at ✽.When I login to eHour using Single Signon as "ehoursupport@nisum.com"(Feature_SSO.feature:10)
</pre></pre></td>
                                                    </tr>
                                        </tbody>
                                    </table>
                                </div>
                            </div>
                        </li>
                        <li class='exception displayed active'>
                            <div class='exception-heading'>
                                <span class='exception-name'>java.lang.AssertionError</span>
                                <span class='exception-count right'><span class='label red lighten-1 white-text'>5</span></span>
                            </div>
                            <div class='exception-content hide'>
                                <div class='exception-tests'>
                                    <table class='bordered table-results'>
                                        <thead>
                                        <tr>
                                            <th>Timestamp</th>
                                            <th>TestName</th>
                                            <th>Status</th>
                                        </tr>
                                        </thead>
                                        <tbody>
                                                    <tr>
                                                        <td>Jul 28, 2017 03:01:51 PM</td>
                                                        <td class='linked' test-id='106'>Assign To Project After Save.Assign To Project After Save.Assign To Project After Save.Then I am successfully logged out</td>
                                                        <td><pre><pre>java.lang.AssertionError: https://ec2-52-39-177-85.us-west-2.compute.amazonaws.com:8443/ehour/eh/login expected [true] but found [false]
	at org.testng.Assert.fail(Assert.java:94)
	at org.testng.Assert.failNotEquals(Assert.java:513)
	at org.testng.Assert.assertTrue(Assert.java:42)
	at PageObjects.Base.AssertTrue(Base.java:300)
	at PageObjects.Page_Header.VerifySignOut(Page_Header.java:154)
	at stepDefinition.Steps_AfterLogin.i_am_successfully_logged_out(Steps_AfterLogin.java:34)
	at ✽.Then I am successfully logged out(Feature_AssignTo_Project_After_Save.feature:28)
</pre></pre></td>
                                                    </tr>
                                                    <tr>
                                                        <td>Jul 28, 2017 03:02:06 PM</td>
                                                        <td class='linked' test-id='125'>Assigning Users to Projects.Create Users and assign them to project.Create Users and assign them to project.When I add a new user with the following details if non existent</td>
                                                        <td><pre><pre>java.lang.AssertionError: Data saved expected [true] but found [false]
	at org.testng.Assert.fail(Assert.java:94)
	at org.testng.Assert.failNotEquals(Assert.java:513)
	at org.testng.Assert.assertTrue(Assert.java:42)
	at PageObjects.Base.AssertTrue(Base.java:300)
	at PageObjects.Page_UserManagement.CreateUser(Page_UserManagement.java:414)
	at stepDefinition.Steps_UserManagement.i_add_a_new_user_with_the_following_details_if_non_existent(Steps_UserManagement.java:41)
	at ✽.When I add a new user with the following details if non existent(Feature_Assignment.feature:12)
</pre></pre></td>
                                                    </tr>
                                                    <tr>
                                                        <td>Jul 28, 2017 03:32:47 PM</td>
                                                        <td class='linked' test-id='190'>Edit time sheets for other employees.Creates an user and edit timesheets with admin rights.Creates an user and edit timesheets with admin rights.When I add a new user with the following details if non existent</td>
                                                        <td><pre><pre>java.lang.AssertionError: Data saved expected [true] but found [false]
	at org.testng.Assert.fail(Assert.java:94)
	at org.testng.Assert.failNotEquals(Assert.java:513)
	at org.testng.Assert.assertTrue(Assert.java:42)
	at PageObjects.Base.AssertTrue(Base.java:300)
	at PageObjects.Page_UserManagement.CreateUser(Page_UserManagement.java:414)
	at stepDefinition.Steps_UserManagement.i_add_a_new_user_with_the_following_details_if_non_existent(Steps_UserManagement.java:41)
	at ✽.When I add a new user with the following details if non existent(Feature_EditTimeSheetsForAnEmployee.feature:10)
</pre></pre></td>
                                                    </tr>
                                                    <tr>
                                                        <td>Jul 28, 2017 03:39:24 PM</td>
                                                        <td class='linked' test-id='239'>Locked Period Management.Verify that locked period causes the timesheet to be locked for the given period..Verify that locked period causes the timesheet to be locked for the given period..And I create new locked period for current week</td>
                                                        <td><pre><pre>java.lang.AssertionError
	at org.junit.Assert.fail(Assert.java:86)
	at org.junit.Assert.assertTrue(Assert.java:41)
	at org.junit.Assert.assertTrue(Assert.java:52)
	at PageObjects.Page_LockedPeriods.CreateLockedPeriod(Page_LockedPeriods.java:79)
	at stepDefinition.Steps_LockedPeriods.i_create_new_locked_period_for_current_week(Steps_LockedPeriods.java:29)
	at ✽.And I create new locked period for current week(Feature_ManageLockedPeriods.feature:14)
</pre></pre></td>
                                                    </tr>
                                                    <tr>
                                                        <td>Jul 28, 2017 04:20:42 PM</td>
                                                        <td class='linked' test-id='269'>Project Management Feature.Project Management.Project Management.Then I am successfully logged out</td>
                                                        <td><pre><pre>java.lang.AssertionError: https://ec2-52-39-177-85.us-west-2.compute.amazonaws.com:8443/ehour/eh/login expected [true] but found [false]
	at org.testng.Assert.fail(Assert.java:94)
	at org.testng.Assert.failNotEquals(Assert.java:513)
	at org.testng.Assert.assertTrue(Assert.java:42)
	at PageObjects.Base.AssertTrue(Base.java:300)
	at PageObjects.Page_Header.VerifySignOut(Page_Header.java:154)
	at stepDefinition.Steps_AfterLogin.i_am_successfully_logged_out(Steps_AfterLogin.java:34)
	at ✽.Then I am successfully logged out(Feature_ManageProjects.feature:33)
</pre></pre></td>
                                                    </tr>
                                        </tbody>
                                    </table>
                                </div>
                            </div>
                        </li>
                        <li class='exception displayed active'>
                            <div class='exception-heading'>
                                <span class='exception-name'>org.openqa.selenium.NoSuchElementException</span>
                                <span class='exception-count right'><span class='label red lighten-1 white-text'>6</span></span>
                            </div>
                            <div class='exception-content hide'>
                                <div class='exception-tests'>
                                    <table class='bordered table-results'>
                                        <thead>
                                        <tr>
                                            <th>Timestamp</th>
                                            <th>TestName</th>
                                            <th>Status</th>
                                        </tr>
                                        </thead>
                                        <tbody>
                                                    <tr>
                                                        <td>Jul 28, 2017 03:04:08 PM</td>
                                                        <td class='linked' test-id='151'>Assigning a date based project to the user.Create Users and assign them to project I want to create a user, assign a date based project to the user and verify if the same is reflecting on the user account.Create Users and assign them to project I want to create a user, assign a date based project to the user and verify if the same is reflecting on the user account.When I add a new user with the following details if non existent</td>
                                                        <td><pre><pre>org.openqa.selenium.NoSuchElementException: Cannot locate element with text: Karachi
For documentation on this error, please visit: http://seleniumhq.org/exceptions/no_such_element.html
Build info: version: '3.4.0', revision: 'unknown', time: 'unknown'
System info: host: 'Malav.local', ip: 'fe80:0:0:0:18b8:8fda:ae60:d4d9%en0', os.name: 'Mac OS X', os.arch: 'x86_64', os.version: '10.12.3', java.version: '1.8.0_121'
Driver info: driver.version: unknown
	at org.openqa.selenium.support.ui.Select.selectByVisibleText(Select.java:151)
	at PageObjects.Base.SelectByVisibleText(Base.java:352)
	at PageObjects.Page_UserManagement.CreateUser(Page_UserManagement.java:409)
	at stepDefinition.Steps_UserManagement.i_add_a_new_user_with_the_following_details_if_non_existent(Steps_UserManagement.java:41)
	at ✽.When I add a new user with the following details if non existent(Feature_DateBasedAssignment.feature:10)
</pre></pre></td>
                                                    </tr>
                                                    <tr>
                                                        <td>Jul 28, 2017 04:20:43 PM</td>
                                                        <td class='linked' test-id='274'>User Management Feature.Create Users.Create Users.When I enter valid "admin" and "admin"</td>
                                                        <td><pre><pre>org.openqa.selenium.NoSuchElementException: no such element: Unable to locate element: {"method":"name","selector":"username"}
  (Session info: chrome=59.0.3071.115)
  (Driver info: chromedriver=2.29.461585 (0be2cd95f834e9ee7c46bcc7cf405b483f5ae83b),platform=Mac OS X 10.12.3 x86_64) (WARNING: The server did not provide any stacktrace information)
Command duration or timeout: 30.01 seconds
For documentation on this error, please visit: http://seleniumhq.org/exceptions/no_such_element.html
Build info: version: '3.4.0', revision: 'unknown', time: 'unknown'
System info: host: 'Malav.local', ip: 'fe80:0:0:0:18b8:8fda:ae60:d4d9%en0', os.name: 'Mac OS X', os.arch: 'x86_64', os.version: '10.12.3', java.version: '1.8.0_121'
Driver info: org.openqa.selenium.chrome.ChromeDriver
Capabilities [{applicationCacheEnabled=false, rotatable=false, mobileEmulationEnabled=false, networkConnectionEnabled=false, chrome={chromedriverVersion=2.29.461585 (0be2cd95f834e9ee7c46bcc7cf405b483f5ae83b), userDataDir=/var/folders/l8/b9lpsxmd6sqghzg1l43rl32c0000gp/T/.org.chromium.Chromium.P77kW7}, takesHeapSnapshot=true, pageLoadStrategy=normal, databaseEnabled=false, handlesAlerts=true, hasTouchScreen=false, version=59.0.3071.115, platform=MAC, browserConnectionEnabled=false, nativeEvents=true, acceptSslCerts=true, locationContextEnabled=true, webStorageEnabled=true, browserName=chrome, takesScreenshot=true, javascriptEnabled=true, cssSelectorsEnabled=true, unexpectedAlertBehaviour=}]
Session ID: b1a81aa0ddd8a72a21194c1193b48335
*** Element info: {Using=name, value=username}
	at sun.reflect.NativeConstructorAccessorImpl.newInstance0(Native Method)
	at sun.reflect.NativeConstructorAccessorImpl.newInstance(NativeConstructorAccessorImpl.java:62)
	at sun.reflect.DelegatingConstructorAccessorImpl.newInstance(DelegatingConstructorAccessorImpl.java:45)
	at java.lang.reflect.Constructor.newInstance(Constructor.java:423)
	at org.openqa.selenium.remote.ErrorHandler.createThrowable(ErrorHandler.java:215)
	at org.openqa.selenium.remote.ErrorHandler.throwIfResponseFailed(ErrorHandler.java:167)
	at org.openqa.selenium.remote.RemoteWebDriver.execute(RemoteWebDriver.java:671)
	at org.openqa.selenium.remote.RemoteWebDriver.findElement(RemoteWebDriver.java:410)
	at org.openqa.selenium.remote.RemoteWebDriver.findElementByName(RemoteWebDriver.java:485)
	at org.openqa.selenium.By$ByName.findElement(By.java:303)
	at org.openqa.selenium.remote.RemoteWebDriver.findElement(RemoteWebDriver.java:402)
	at PageObjects.Page_Login.getUserName(Page_Login.java:29)
	at PageObjects.Page_Login.Login(Page_Login.java:43)
	at stepDefinition.Steps_Login.Login(Steps_Login.java:28)
	at ✽.When I enter valid "admin" and "admin"(Feature_ManageUsers.feature:8)
</pre></pre></td>
                                                    </tr>
                                                    <tr>
                                                        <td>Jul 28, 2017 04:21:15 PM</td>
                                                        <td class='linked' test-id='279'>User Management Feature.Create and Delete User.Create and Delete User.When I enter valid "admin" and "admin"</td>
                                                        <td><pre><pre>org.openqa.selenium.NoSuchElementException: no such element: Unable to locate element: {"method":"name","selector":"username"}
  (Session info: chrome=59.0.3071.115)
  (Driver info: chromedriver=2.29.461585 (0be2cd95f834e9ee7c46bcc7cf405b483f5ae83b),platform=Mac OS X 10.12.3 x86_64) (WARNING: The server did not provide any stacktrace information)
Command duration or timeout: 30.02 seconds
For documentation on this error, please visit: http://seleniumhq.org/exceptions/no_such_element.html
Build info: version: '3.4.0', revision: 'unknown', time: 'unknown'
System info: host: 'Malav.local', ip: 'fe80:0:0:0:18b8:8fda:ae60:d4d9%en0', os.name: 'Mac OS X', os.arch: 'x86_64', os.version: '10.12.3', java.version: '1.8.0_121'
Driver info: org.openqa.selenium.chrome.ChromeDriver
Capabilities [{applicationCacheEnabled=false, rotatable=false, mobileEmulationEnabled=false, networkConnectionEnabled=false, chrome={chromedriverVersion=2.29.461585 (0be2cd95f834e9ee7c46bcc7cf405b483f5ae83b), userDataDir=/var/folders/l8/b9lpsxmd6sqghzg1l43rl32c0000gp/T/.org.chromium.Chromium.RAsqVJ}, takesHeapSnapshot=true, pageLoadStrategy=normal, databaseEnabled=false, handlesAlerts=true, hasTouchScreen=false, version=59.0.3071.115, platform=MAC, browserConnectionEnabled=false, nativeEvents=true, acceptSslCerts=true, locationContextEnabled=true, webStorageEnabled=true, browserName=chrome, takesScreenshot=true, javascriptEnabled=true, cssSelectorsEnabled=true, unexpectedAlertBehaviour=}]
Session ID: 54403e4f0e4640b7a91167d017c1adff
*** Element info: {Using=name, value=username}
	at sun.reflect.GeneratedConstructorAccessor16.newInstance(Unknown Source)
	at sun.reflect.DelegatingConstructorAccessorImpl.newInstance(DelegatingConstructorAccessorImpl.java:45)
	at java.lang.reflect.Constructor.newInstance(Constructor.java:423)
	at org.openqa.selenium.remote.ErrorHandler.createThrowable(ErrorHandler.java:215)
	at org.openqa.selenium.remote.ErrorHandler.throwIfResponseFailed(ErrorHandler.java:167)
	at org.openqa.selenium.remote.RemoteWebDriver.execute(RemoteWebDriver.java:671)
	at org.openqa.selenium.remote.RemoteWebDriver.findElement(RemoteWebDriver.java:410)
	at org.openqa.selenium.remote.RemoteWebDriver.findElementByName(RemoteWebDriver.java:485)
	at org.openqa.selenium.By$ByName.findElement(By.java:303)
	at org.openqa.selenium.remote.RemoteWebDriver.findElement(RemoteWebDriver.java:402)
	at PageObjects.Page_Login.getUserName(Page_Login.java:29)
	at PageObjects.Page_Login.Login(Page_Login.java:43)
	at stepDefinition.Steps_Login.Login(Steps_Login.java:28)
	at ✽.When I enter valid "admin" and "admin"(Feature_ManageUsers.feature:41)
</pre></pre></td>
                                                    </tr>
                                                    <tr>
                                                        <td>Jul 28, 2017 04:21:47 PM</td>
                                                        <td class='linked' test-id='301'>User Management Feature.Edit User.Edit User.When I enter valid "admin" and "admin"</td>
                                                        <td><pre><pre>org.openqa.selenium.NoSuchElementException: no such element: Unable to locate element: {"method":"name","selector":"username"}
  (Session info: chrome=59.0.3071.115)
  (Driver info: chromedriver=2.29.461585 (0be2cd95f834e9ee7c46bcc7cf405b483f5ae83b),platform=Mac OS X 10.12.3 x86_64) (WARNING: The server did not provide any stacktrace information)
Command duration or timeout: 30.04 seconds
For documentation on this error, please visit: http://seleniumhq.org/exceptions/no_such_element.html
Build info: version: '3.4.0', revision: 'unknown', time: 'unknown'
System info: host: 'Malav.local', ip: 'fe80:0:0:0:18b8:8fda:ae60:d4d9%en0', os.name: 'Mac OS X', os.arch: 'x86_64', os.version: '10.12.3', java.version: '1.8.0_121'
Driver info: org.openqa.selenium.chrome.ChromeDriver
Capabilities [{applicationCacheEnabled=false, rotatable=false, mobileEmulationEnabled=false, networkConnectionEnabled=false, chrome={chromedriverVersion=2.29.461585 (0be2cd95f834e9ee7c46bcc7cf405b483f5ae83b), userDataDir=/var/folders/l8/b9lpsxmd6sqghzg1l43rl32c0000gp/T/.org.chromium.Chromium.BOf0y5}, takesHeapSnapshot=true, pageLoadStrategy=normal, databaseEnabled=false, handlesAlerts=true, hasTouchScreen=false, version=59.0.3071.115, platform=MAC, browserConnectionEnabled=false, nativeEvents=true, acceptSslCerts=true, locationContextEnabled=true, webStorageEnabled=true, browserName=chrome, takesScreenshot=true, javascriptEnabled=true, cssSelectorsEnabled=true, unexpectedAlertBehaviour=}]
Session ID: a6baadcee96519d4e012bb75690271eb
*** Element info: {Using=name, value=username}
	at sun.reflect.GeneratedConstructorAccessor16.newInstance(Unknown Source)
	at sun.reflect.DelegatingConstructorAccessorImpl.newInstance(DelegatingConstructorAccessorImpl.java:45)
	at java.lang.reflect.Constructor.newInstance(Constructor.java:423)
	at org.openqa.selenium.remote.ErrorHandler.createThrowable(ErrorHandler.java:215)
	at org.openqa.selenium.remote.ErrorHandler.throwIfResponseFailed(ErrorHandler.java:167)
	at org.openqa.selenium.remote.RemoteWebDriver.execute(RemoteWebDriver.java:671)
	at org.openqa.selenium.remote.RemoteWebDriver.findElement(RemoteWebDriver.java:410)
	at org.openqa.selenium.remote.RemoteWebDriver.findElementByName(RemoteWebDriver.java:485)
	at org.openqa.selenium.By$ByName.findElement(By.java:303)
	at org.openqa.selenium.remote.RemoteWebDriver.findElement(RemoteWebDriver.java:402)
	at PageObjects.Page_Login.getUserName(Page_Login.java:29)
	at PageObjects.Page_Login.Login(Page_Login.java:43)
	at stepDefinition.Steps_Login.Login(Steps_Login.java:28)
	at ✽.When I enter valid "admin" and "admin"(Feature_ManageUsers.feature:100)
</pre></pre></td>
                                                    </tr>
                                                    <tr>
                                                        <td>Jul 28, 2017 04:23:39 PM</td>
                                                        <td class='linked' test-id='323'>Single SignOn.Verify the Single Sign On for Inactive user.Verify the Single Sign On for Inactive user.When I enter valid "admin" and "admin"</td>
                                                        <td><pre><pre>org.openqa.selenium.NoSuchElementException: no such element: Unable to locate element: {"method":"name","selector":"username"}
  (Session info: chrome=59.0.3071.115)
  (Driver info: chromedriver=2.29.461585 (0be2cd95f834e9ee7c46bcc7cf405b483f5ae83b),platform=Mac OS X 10.12.3 x86_64) (WARNING: The server did not provide any stacktrace information)
Command duration or timeout: 30.03 seconds
For documentation on this error, please visit: http://seleniumhq.org/exceptions/no_such_element.html
Build info: version: '3.4.0', revision: 'unknown', time: 'unknown'
System info: host: 'Malav.local', ip: 'fe80:0:0:0:18b8:8fda:ae60:d4d9%en0', os.name: 'Mac OS X', os.arch: 'x86_64', os.version: '10.12.3', java.version: '1.8.0_121'
Driver info: org.openqa.selenium.chrome.ChromeDriver
Capabilities [{applicationCacheEnabled=false, rotatable=false, mobileEmulationEnabled=false, networkConnectionEnabled=false, chrome={chromedriverVersion=2.29.461585 (0be2cd95f834e9ee7c46bcc7cf405b483f5ae83b), userDataDir=/var/folders/l8/b9lpsxmd6sqghzg1l43rl32c0000gp/T/.org.chromium.Chromium.MrJH5S}, takesHeapSnapshot=true, pageLoadStrategy=normal, databaseEnabled=false, handlesAlerts=true, hasTouchScreen=false, version=59.0.3071.115, platform=MAC, browserConnectionEnabled=false, nativeEvents=true, acceptSslCerts=true, locationContextEnabled=true, webStorageEnabled=true, browserName=chrome, takesScreenshot=true, javascriptEnabled=true, cssSelectorsEnabled=true, unexpectedAlertBehaviour=}]
Session ID: 9654cafaeee1fb5916cb4db6ef298583
*** Element info: {Using=name, value=username}
	at sun.reflect.GeneratedConstructorAccessor16.newInstance(Unknown Source)
	at sun.reflect.DelegatingConstructorAccessorImpl.newInstance(DelegatingConstructorAccessorImpl.java:45)
	at java.lang.reflect.Constructor.newInstance(Constructor.java:423)
	at org.openqa.selenium.remote.ErrorHandler.createThrowable(ErrorHandler.java:215)
	at org.openqa.selenium.remote.ErrorHandler.throwIfResponseFailed(ErrorHandler.java:167)
	at org.openqa.selenium.remote.RemoteWebDriver.execute(RemoteWebDriver.java:671)
	at org.openqa.selenium.remote.RemoteWebDriver.findElement(RemoteWebDriver.java:410)
	at org.openqa.selenium.remote.RemoteWebDriver.findElementByName(RemoteWebDriver.java:485)
	at org.openqa.selenium.By$ByName.findElement(By.java:303)
	at org.openqa.selenium.remote.RemoteWebDriver.findElement(RemoteWebDriver.java:402)
	at PageObjects.Page_Login.getUserName(Page_Login.java:29)
	at PageObjects.Page_Login.Login(Page_Login.java:43)
	at stepDefinition.Steps_Login.Login(Steps_Login.java:28)
	at ✽.When I enter valid "admin" and "admin"(Feature_SSO.feature:47)
</pre></pre></td>
                                                    </tr>
                                                    <tr>
                                                        <td>Jul 28, 2017 04:24:11 PM</td>
                                                        <td class='linked' test-id='357'>Fill Timesheet Feature.User fills timesheet.User fills timesheet.When I enter valid "mparekh" and "test$123"</td>
                                                        <td><pre><pre>org.openqa.selenium.NoSuchElementException: no such element: Unable to locate element: {"method":"name","selector":"username"}
  (Session info: chrome=59.0.3071.115)
  (Driver info: chromedriver=2.29.461585 (0be2cd95f834e9ee7c46bcc7cf405b483f5ae83b),platform=Mac OS X 10.12.3 x86_64) (WARNING: The server did not provide any stacktrace information)
Command duration or timeout: 30.06 seconds
For documentation on this error, please visit: http://seleniumhq.org/exceptions/no_such_element.html
Build info: version: '3.4.0', revision: 'unknown', time: 'unknown'
System info: host: 'Malav.local', ip: 'fe80:0:0:0:18b8:8fda:ae60:d4d9%en0', os.name: 'Mac OS X', os.arch: 'x86_64', os.version: '10.12.3', java.version: '1.8.0_121'
Driver info: org.openqa.selenium.chrome.ChromeDriver
Capabilities [{applicationCacheEnabled=false, rotatable=false, mobileEmulationEnabled=false, networkConnectionEnabled=false, chrome={chromedriverVersion=2.29.461585 (0be2cd95f834e9ee7c46bcc7cf405b483f5ae83b), userDataDir=/var/folders/l8/b9lpsxmd6sqghzg1l43rl32c0000gp/T/.org.chromium.Chromium.V6gh5c}, takesHeapSnapshot=true, pageLoadStrategy=normal, databaseEnabled=false, handlesAlerts=true, hasTouchScreen=false, version=59.0.3071.115, platform=MAC, browserConnectionEnabled=false, nativeEvents=true, acceptSslCerts=true, locationContextEnabled=true, webStorageEnabled=true, browserName=chrome, takesScreenshot=true, javascriptEnabled=true, cssSelectorsEnabled=true, unexpectedAlertBehaviour=}]
Session ID: c56aded96289b7f43192420a48a0a225
*** Element info: {Using=name, value=username}
	at sun.reflect.GeneratedConstructorAccessor16.newInstance(Unknown Source)
	at sun.reflect.DelegatingConstructorAccessorImpl.newInstance(DelegatingConstructorAccessorImpl.java:45)
	at java.lang.reflect.Constructor.newInstance(Constructor.java:423)
	at org.openqa.selenium.remote.ErrorHandler.createThrowable(ErrorHandler.java:215)
	at org.openqa.selenium.remote.ErrorHandler.throwIfResponseFailed(ErrorHandler.java:167)
	at org.openqa.selenium.remote.RemoteWebDriver.execute(RemoteWebDriver.java:671)
	at org.openqa.selenium.remote.RemoteWebDriver.findElement(RemoteWebDriver.java:410)
	at org.openqa.selenium.remote.RemoteWebDriver.findElementByName(RemoteWebDriver.java:485)
	at org.openqa.selenium.By$ByName.findElement(By.java:303)
	at org.openqa.selenium.remote.RemoteWebDriver.findElement(RemoteWebDriver.java:402)
	at PageObjects.Page_Login.getUserName(Page_Login.java:29)
	at PageObjects.Page_Login.Login(Page_Login.java:43)
	at stepDefinition.Steps_Login.Login(Steps_Login.java:28)
	at ✽.When I enter valid "mparekh" and "test$123"(Feature_Timesheets.feature:6)
</pre></pre></td>
                                                    </tr>
                                        </tbody>
                                    </table>
                                </div>
                            </div>
                        </li>
                </ul>
        </div>
    </div>

    <div class='subview-right left'>
        <div class='view-summary'>
            <h5 class='exception-name'></h5>
        </div>
    </div>
</div>
<!-- exception view -->
<div id='dashboard-view' class='view hide'>
	<div class='card-panel transparent np-v'>
		<h5>Dashboard</h5>

		<div class='row'>
			<div class='col s2'>
				<div class='card-panel r'>
					Features
					<div class='panel-lead'>12</div>
				</div>
			</div>
			<div class='col s2'>
				<div class='card-panel r'>
					Scenarios
					<div class='panel-lead'>15</div>
				</div>
			</div>
			<div class='col s2'>
				<div class='card-panel r'>
					Steps
					<div class='panel-lead'>330</div>
				</div>
			</div>
			<div class='col s2'>
				<div class='card-panel r'>
					Start
					<div class='panel-lead'>Jul 28, 2017 02:47:51 PM</div>
				</div>
			</div>
			<div class='col s2'>
				<div class='card-panel r'>
			 		End
			 		<div class='panel-lead'>Jul 28, 2017 04:24:41 PM</div>
				</div>
			</div>
			<div class='col s2'>
				<div class='card-panel r'>
					Time Taken
					<div class='panel-lead'>5,810,604ms</div>
				</div>
			</div>
			<div class='col s4'>
				<div class='card-panel environment'>
					<span class='right label cyan white-text'>Environment</span><p>&nbsp;</p>
					
					<table>
						<tr>
							<th>Name</th>
							<th>Value</th>
						</tr>
							<tr>
								<td>user</td>
								<td>nisum</td>
							</tr>
							<tr>
								<td>os</td>
								<td>Mac OS X</td>
							</tr>
					</table>
				</div>
			</div>
			<div class='col s4'>
				<div class='card-panel'>
					<span class='right label cyan white-text'>Categories</span><p>&nbsp;</p>
					
					<table>
						<tr>
							<th>Name</th>
							<th>Passed</th>
							<th>Failed</th>
							<th>Others</th>
						</tr>
						<tr>
							<td>@TimeSheetApproval</td>
							<td>0</td>
							<td>1</td>
							<td>0</td>
						</tr>
						<tr>
							<td>@AssignProjectAfterSave</td>
							<td>0</td>
							<td>1</td>
							<td>0</td>
						</tr>
						<tr>
							<td>@FeatureAssignment</td>
							<td>0</td>
							<td>2</td>
							<td>0</td>
						</tr>
						<tr>
							<td>@ProjectAssignment</td>
							<td>0</td>
							<td>2</td>
							<td>0</td>
						</tr>
						<tr>
							<td>@CRUDDepartments</td>
							<td>1</td>
							<td>0</td>
							<td>0</td>
						</tr>
						<tr>
							<td>@Edit_timesheets_on_behalf_of_other_employee</td>
							<td>0</td>
							<td>2</td>
							<td>0</td>
						</tr>
						<tr>
							<td>@ClientManagement</td>
							<td>1</td>
							<td>0</td>
							<td>0</td>
						</tr>
						<tr>
							<td>@FeatureLockedPeriodsManagement</td>
							<td>0</td>
							<td>2</td>
							<td>0</td>
						</tr>
						<tr>
							<td>@ScenarioLockedPeriodsManagement</td>
							<td>0</td>
							<td>1</td>
							<td>0</td>
						</tr>
						<tr>
							<td>@ProjectManagement</td>
							<td>0</td>
							<td>1</td>
							<td>0</td>
						</tr>
						<tr>
							<td>@UserManagementFeature</td>
							<td>0</td>
							<td>4</td>
							<td>0</td>
						</tr>
						<tr>
							<td>@CreateUsers</td>
							<td>0</td>
							<td>1</td>
							<td>0</td>
						</tr>
						<tr>
							<td>@CreateDeleteUser</td>
							<td>0</td>
							<td>1</td>
							<td>0</td>
						</tr>
						<tr>
							<td>@EditUser</td>
							<td>0</td>
							<td>1</td>
							<td>0</td>
						</tr>
						<tr>
							<td>@FeatureSingleSignOn</td>
							<td>0</td>
							<td>3</td>
							<td>0</td>
						</tr>
						<tr>
							<td>@ScenarioSingleSignOn</td>
							<td>0</td>
							<td>1</td>
							<td>0</td>
						</tr>
						<tr>
							<td>@ScenarioInactiveUserSingleSignOn</td>
							<td>0</td>
							<td>1</td>
							<td>0</td>
						</tr>
						<tr>
							<td>@FillTimesheet</td>
							<td>0</td>
							<td>1</td>
							<td>0</td>
						</tr>
					</table>
				</div>
			</div>
		</div>
	</div>
</div>
<!-- dashboard view -->
<div id='testrunner-logs-view' class='view hide'>
	<div class='card-panel transparent np-v'>
		<h5>TestRunner Logs</h5>
		
		<div class='card-panel'>
				Sample test runner output message
		</div>
	</div>
</div>
<!-- testrunner-logs view -->
		</div>
		<!-- container -->

		<script>
			var statusGroup = {
				passParent: 2,
				failParent: 10,
				fatalParent: 0,
				errorParent: 0,
				warningParent: 0,
				skipParent: 0,
				exceptionsParent: 10,
				
				passChild: 2,
				failChild: 13,
				fatalChild: 0,
				errorChild: 0,
				warningChild: 0,
				skipChild: 0,
				infoChild: 0,
				exceptionsChild: 13,
				
				passGrandChild: 80,
				failGrandChild: 13,
				fatalGrandChild: 0,
				errorGrandChild: 0,
				warningGrandChild: 0,
				skipGrandChild: 237,
				infoGrandChild: 0,
				exceptionsGrandChild: 250,
			};
		</script>
		
			<script src='https://cdn.rawgit.com/anshooarora/extentreports-java/5ed7b0c339b51aa347b44ccaa2e2ff29905b2f9f/dist/js/extent.js' type='text/javascript'></script>
		
		
	</body>
	
</html>
