<?xml version="1.0" encoding="UTF-8"?>
<!-- Generated by org.testng.reporters.JUnitXMLReporter -->
<testsuite hostname="Arun-Mac.local" name="Surefire test" tests="1" failures="1" timestamp="11 Aug 2017 22:39:04 GMT" time="256.934" errors="0">
  <testcase name="feature" time="256.348" classname="TestRunner.TestRunner">
    <failure type="cucumber.runtime.CucumberException" message="java.lang.NullPointerException">
      <![CDATA[cucumber.runtime.CucumberException: java.lang.NullPointerException
	at cucumber.api.testng.TestNGCucumberRunner.runCucumber(TestNGCucumberRunner.java:69)
	at cucumber.api.testng.AbstractTestNGCucumberTests.feature(AbstractTestNGCucumberTests.java:21)
Caused by: java.lang.NullPointerException
	at PageObjects.Page_Timesheet.ClearTimeSheetDataTable(Page_Timesheet.java:273)
	at stepDefinition.Steps_EditTimesheetsForOtherEmployee.i_remove_the_filled_timesheet_again_to_delete_the_user_and_click_on_save(Steps_EditTimesheetsForOtherEmployee.java:54)
	at ✽.Then I remove the filled timesheet again to delete the user and click on save(Feature_Timesheets.feature:35)
... Removed 28 stack frames]]>
    </failure>
  </testcase> <!-- feature -->
</testsuite> <!-- Surefire test -->
